Starting at Thu Jul 27 18:35:01 CDT 2023
Running on hosts: compute-5-3
Running on 1 nodes.
Running 1 tasks.
Current working directory is /project/jun/msalvana/DiffOp
FITTING MODEL ON REAL DATASET
[1] "theta = c(-0.61533429,-4.15832011,-1.38957984,-3.80559365,0.01252671,-0.04835948,-0.02282755)"
negloglik:  -5556.7924 
[1] "theta = c(-0.61533429,-4.15832011,-1.38957984,-3.80559365,0.01252671,-0.04835948,-0.02282755)"
negloglik:  -5556.7924 
[1] "theta = c(-0.61533329,-4.15832011,-1.38957984,-3.80559365,0.01252671,-0.04835948,-0.02282755)"
negloglik:  -5556.7924 
[1] "theta = c(-0.61533429,-4.15831595,-1.38957984,-3.80559365,0.01252671,-0.04835948,-0.02282755)"
negloglik:  -5556.7924 
[1] "theta = c(-0.61533429,-4.15832011,-1.38957845,-3.80559365,0.01252671,-0.04835948,-0.02282755)"
negloglik:  -5556.7924 
[1] "theta = c(-0.61533429,-4.15832011,-1.38957984,-3.80558984,0.01252671,-0.04835948,-0.02282755)"
negloglik:  -5556.7924 
[1] "theta = c(-0.61533429,-4.15832011,-1.38957984,-3.80559365,0.01252771,-0.04835948,-0.02282755)"
negloglik:  -5556.7924 
[1] "theta = c(-0.61533429,-4.15832011,-1.38957984,-3.80559365,0.01252671,-0.04835848,-0.02282755)"
negloglik:  -5556.7924 
[1] "theta = c(-0.61533429,-4.15832011,-1.38957984,-3.80559365,0.01252671,-0.04835948,-0.02282655)"
negloglik:  -5556.7924 
iteration = 0
Step:
[1] 0 0 0 0 0 0 0
Parameter:
[1] -0.61533429 -4.15832011 -1.38957984 -3.80559365  0.01252671 -0.04835948
[7] -0.02282755
Function Value
[1] -5556.792
Gradient:
[1]  1.21134326 -0.15847567 -0.12773428  0.02217459  0.05753463  0.06080609
[7]  0.16654849

[1] "theta = c(-1.5901907,-4.03078316,-1.28678273,-3.82343916,-0.03377561,-0.09729458,-0.15686129)"
negloglik:  -5361.4664 
[1] "theta = c(-0.71281993,-4.14556641,-1.37930013,-3.8073782,0.00789648,-0.05325299,-0.03623092)"
negloglik:  -5553.0102 
[1] "theta = c(-0.62508285,-4.15704474,-1.38855187,-3.80577211,0.01206369,-0.04884883,-0.02416789)"
negloglik:  -5556.7604 
[1] "theta = c(-0.61668536,-4.15814335,-1.38943737,-3.80561838,0.01246254,-0.0484273,-0.02301331)"
negloglik:  -5556.7932 
[1] "theta = c(-0.61668436,-4.15814335,-1.38943737,-3.80561838,0.01246254,-0.0484273,-0.02301331)"
negloglik:  -5556.7932 
[1] "theta = c(-0.61668536,-4.1581392,-1.38943737,-3.80561838,0.01246254,-0.0484273,-0.02301331)"
negloglik:  -5556.7932 
[1] "theta = c(-0.61668536,-4.15814335,-1.38943598,-3.80561838,0.01246254,-0.0484273,-0.02301331)"
negloglik:  -5556.7932 
[1] "theta = c(-0.61668536,-4.15814335,-1.38943737,-3.80561458,0.01246254,-0.0484273,-0.02301331)"
negloglik:  -5556.7932 
[1] "theta = c(-0.61668536,-4.15814335,-1.38943737,-3.80561838,0.01246354,-0.0484273,-0.02301331)"
negloglik:  -5556.7932 
[1] "theta = c(-0.61668536,-4.15814335,-1.38943737,-3.80561838,0.01246254,-0.0484263,-0.02301331)"
negloglik:  -5556.7932 
[1] "theta = c(-0.61668536,-4.15814335,-1.38943737,-3.80561838,0.01246254,-0.0484273,-0.02301231)"
negloglik:  -5556.7932 
iteration = 1
Step:
[1] -1.351068e-03  1.767553e-04  1.424680e-04 -2.473235e-05 -6.417107e-05
[6] -6.781987e-05 -1.857593e-04
Parameter:
[1] -0.61668536 -4.15814335 -1.38943737 -3.80561838  0.01246254 -0.04842730
[7] -0.02301331
Function Value
[1] -5556.793
Gradient:
[1]  1.04753872  0.65398726  2.21804959  0.02361458 -1.42873250 -2.58563887
[7] -3.89389425

[1] "theta = c(-0.64410979,-4.15543159,-1.38912435,-3.80612532,0.01279741,-0.04688208,-0.02231189)"
negloglik:  -5556.7635 
[1] "theta = c(-0.62395189,-4.15742483,-1.38935443,-3.8057527,0.01255127,-0.04801787,-0.02282746)"
negloglik:  -5556.7977 
[1] "theta = c(-0.62395089,-4.15742483,-1.38935443,-3.8057527,0.01255127,-0.04801787,-0.02282746)"
negloglik:  -5556.7977 
[1] "theta = c(-0.62395189,-4.15742067,-1.38935443,-3.8057527,0.01255127,-0.04801787,-0.02282746)"
negloglik:  -5556.7977 
[1] "theta = c(-0.62395189,-4.15742483,-1.38935304,-3.8057527,0.01255127,-0.04801787,-0.02282746)"
negloglik:  -5556.7977 
[1] "theta = c(-0.62395189,-4.15742483,-1.38935443,-3.8057489,0.01255127,-0.04801787,-0.02282746)"
negloglik:  -5556.7977 
[1] "theta = c(-0.62395189,-4.15742483,-1.38935443,-3.8057527,0.01255227,-0.04801787,-0.02282746)"
negloglik:  -5556.7977 
[1] "theta = c(-0.62395189,-4.15742483,-1.38935443,-3.8057527,0.01255127,-0.04801687,-0.02282746)"
negloglik:  -5556.7977 
[1] "theta = c(-0.62395189,-4.15742483,-1.38935443,-3.8057527,0.01255127,-0.04801787,-0.02282646)"
negloglik:  -5556.7977 
iteration = 2
Step:
[1] -7.266528e-03  7.185243e-04  8.294053e-05 -1.343220e-04  8.872829e-05
[6]  4.094291e-04  1.858513e-04
Parameter:
[1] -0.62395189 -4.15742483 -1.38935443 -3.80575270  0.01255127 -0.04801787
[7] -0.02282746
Function Value
[1] -5556.798
Gradient:
[1] 0.51958159 2.02378054 4.90676178 0.06659530 1.22151414 4.38530151 0.02025899

[1] "theta = c(-0.66948126,-4.1552447,-1.3943381,-3.80665783,0.01176141,-0.05032971,-0.02164215)"
negloglik:  -5556.5981 
[1] "theta = c(-0.62885935,-4.15718984,-1.38989161,-3.80585027,0.01246613,-0.04826706,-0.0226997)"
negloglik:  -5556.8006 
[1] "theta = c(-0.62885835,-4.15718984,-1.38989161,-3.80585027,0.01246613,-0.04826706,-0.0226997)"
negloglik:  -5556.8006 
[1] "theta = c(-0.62885935,-4.15718568,-1.38989161,-3.80585027,0.01246613,-0.04826706,-0.0226997)"
negloglik:  -5556.8006 
[1] "theta = c(-0.62885935,-4.15718984,-1.38989022,-3.80585027,0.01246613,-0.04826706,-0.0226997)"
negloglik:  -5556.8006 
[1] "theta = c(-0.62885935,-4.15718984,-1.38989161,-3.80584646,0.01246613,-0.04826706,-0.0226997)"
negloglik:  -5556.8006 
[1] "theta = c(-0.62885935,-4.15718984,-1.38989161,-3.80585027,0.01246713,-0.04826706,-0.0226997)"
negloglik:  -5556.8006 
[1] "theta = c(-0.62885935,-4.15718984,-1.38989161,-3.80585027,0.01246613,-0.04826606,-0.0226997)"
negloglik:  -5556.8006 
[1] "theta = c(-0.62885935,-4.15718984,-1.38989161,-3.80585027,0.01246613,-0.04826706,-0.0226987)"
negloglik:  -5556.8006 
iteration = 3
Step:
[1] -4.907469e-03  2.349893e-04 -5.371739e-04 -9.756106e-05 -8.513598e-05
[6] -2.491863e-04  1.277605e-04
Parameter:
[1] -0.62885935 -4.15718984 -1.38989161 -3.80585027  0.01246613 -0.04826706
[7] -0.02269970
Function Value
[1] -5556.801
Gradient:
[1]  0.29424609  3.11123842 -0.53922911  0.04968651 -2.06479945 -0.29009971
[7]  1.43376656

[1] "theta = c(-0.64436188,-4.1599371,-1.39100785,-3.8062072,0.01453601,-0.04864222,-0.02379329)"
negloglik:  -5556.7352 
[1] "theta = c(-0.63055132,-4.15748968,-1.39001343,-3.80588922,0.01269204,-0.048308,-0.02281905)"
negloglik:  -5556.8016 
[1] "theta = c(-0.63055032,-4.15748968,-1.39001343,-3.80588922,0.01269204,-0.048308,-0.02281905)"
negloglik:  -5556.8016 
[1] "theta = c(-0.63055132,-4.15748552,-1.39001343,-3.80588922,0.01269204,-0.048308,-0.02281905)"
negloglik:  -5556.8016 
[1] "theta = c(-0.63055132,-4.15748968,-1.39001204,-3.80588922,0.01269204,-0.048308,-0.02281905)"
negloglik:  -5556.8016 
[1] "theta = c(-0.63055132,-4.15748968,-1.39001343,-3.80588542,0.01269204,-0.048308,-0.02281905)"
negloglik:  -5556.8016 
[1] "theta = c(-0.63055132,-4.15748968,-1.39001343,-3.80588922,0.01269304,-0.048308,-0.02281905)"
negloglik:  -5556.8016 
[1] "theta = c(-0.63055132,-4.15748968,-1.39001343,-3.80588922,0.01269204,-0.048307,-0.02281905)"
negloglik:  -5556.8016 
[1] "theta = c(-0.63055132,-4.15748968,-1.39001343,-3.80588922,0.01269204,-0.048308,-0.02281805)"
negloglik:  -5556.8016 
iteration = 4
Step:
[1] -1.691969e-03 -2.998400e-04 -1.218290e-04 -3.895625e-05  2.259092e-04
[6] -4.094581e-05 -1.193565e-04
Parameter:
[1] -0.63055132 -4.15748968 -1.39001343 -3.80588922  0.01269204 -0.04830800
[7] -0.02281905
Function Value
[1] -5556.802
Gradient:
[1]  0.21865890  2.70405904 -1.28981787  0.06414012  3.78538243 -0.86706586
[7] -0.83731629

[1] "theta = c(-0.65500976,-4.16478948,-1.39036936,-3.80651833,0.01163509,-0.04784568,-0.02343836)"
negloglik:  -5556.7265 
[1] "theta = c(-0.63391995,-4.15849507,-1.39006246,-3.80597587,0.01254647,-0.04824433,-0.02290435)"
negloglik:  -5556.8036 
[1] "theta = c(-0.63391895,-4.15849507,-1.39006246,-3.80597587,0.01254647,-0.04824433,-0.02290435)"
negloglik:  -5556.8036 
[1] "theta = c(-0.63391995,-4.15849091,-1.39006246,-3.80597587,0.01254647,-0.04824433,-0.02290435)"
negloglik:  -5556.8036 
[1] "theta = c(-0.63391995,-4.15849507,-1.39006107,-3.80597587,0.01254647,-0.04824433,-0.02290435)"
negloglik:  -5556.8036 
[1] "theta = c(-0.63391995,-4.15849507,-1.39006246,-3.80597206,0.01254647,-0.04824433,-0.02290435)"
negloglik:  -5556.8036 
[1] "theta = c(-0.63391995,-4.15849507,-1.39006246,-3.80597587,0.01254747,-0.04824433,-0.02290435)"
negloglik:  -5556.8036 
[1] "theta = c(-0.63391995,-4.15849507,-1.39006246,-3.80597587,0.01254647,-0.04824333,-0.02290435)"
negloglik:  -5556.8036 
[1] "theta = c(-0.63391995,-4.15849507,-1.39006246,-3.80597587,0.01254647,-0.04824433,-0.02290335)"
negloglik:  -5556.8036 
iteration = 5
Step:
[1] -3.368625e-03 -1.005390e-03 -4.902076e-05 -8.664666e-05 -1.455724e-04
[6]  6.367508e-05 -8.529571e-05
Parameter:
[1] -0.63391995 -4.15849507 -1.39006246 -3.80597587  0.01254647 -0.04824433
[7] -0.02290435
Function Value
[1] -5556.804
Gradient:
[1]  0.04818503  0.19105601 -1.19154679  0.02565145 -0.68564896  1.46277398
[7] -1.16751380

[1] "theta = c(-0.63918885,-4.16024658,-1.38883385,-3.80613881,0.01291287,-0.04967587,-0.02154871)"
negloglik:  -5556.7605 
[1] "theta = c(-0.63444684,-4.15867022,-1.38993959,-3.80599216,0.01258311,-0.04838748,-0.02276879)"
negloglik:  -5556.8037 
[1] "theta = c(-0.63444584,-4.15867022,-1.38993959,-3.80599216,0.01258311,-0.04838748,-0.02276879)"
negloglik:  -5556.8037 
[1] "theta = c(-0.63444684,-4.15866606,-1.38993959,-3.80599216,0.01258311,-0.04838748,-0.02276879)"
negloglik:  -5556.8037 
[1] "theta = c(-0.63444684,-4.15867022,-1.3899382,-3.80599216,0.01258311,-0.04838748,-0.02276879)"
negloglik:  -5556.8037 
[1] "theta = c(-0.63444684,-4.15867022,-1.38993959,-3.80598836,0.01258311,-0.04838748,-0.02276879)"
negloglik:  -5556.8037 
[1] "theta = c(-0.63444684,-4.15867022,-1.38993959,-3.80599216,0.01258411,-0.04838748,-0.02276879)"
negloglik:  -5556.8037 
[1] "theta = c(-0.63444684,-4.15867022,-1.38993959,-3.80599216,0.01258311,-0.04838648,-0.02276879)"
negloglik:  -5556.8037 
[1] "theta = c(-0.63444684,-4.15867022,-1.38993959,-3.80599216,0.01258311,-0.04838748,-0.02276779)"
negloglik:  -5556.8037 
iteration = 6
Step:
[1] -5.268905e-04 -1.751505e-04  1.228606e-04 -1.629420e-05  3.663987e-05
[6] -1.431545e-04  1.355639e-04
Parameter:
[1] -0.63444684 -4.15867022 -1.38993959 -3.80599216  0.01258311 -0.04838748
[7] -0.02276879
Function Value
[1] -5556.804
Gradient:
[1] -0.01746957 -0.13252295  0.74984815  0.03361959  0.17990351 -0.78075300
[7]  1.02389731

[1] "theta = c(-0.63437811,-4.15860923,-1.38999088,-3.80602319,0.01257504,-0.04833544,-0.02282964)"
negloglik:  -5556.8038 
[1] "theta = c(-0.63437711,-4.15860923,-1.38999088,-3.80602319,0.01257504,-0.04833544,-0.02282964)"
negloglik:  -5556.8038 
[1] "theta = c(-0.63437811,-4.15860507,-1.38999088,-3.80602319,0.01257504,-0.04833544,-0.02282964)"
negloglik:  -5556.8038 
[1] "theta = c(-0.63437811,-4.15860923,-1.38998949,-3.80602319,0.01257504,-0.04833544,-0.02282964)"
negloglik:  -5556.8038 
[1] "theta = c(-0.63437811,-4.15860923,-1.38999088,-3.80601938,0.01257504,-0.04833544,-0.02282964)"
negloglik:  -5556.8038 
[1] "theta = c(-0.63437811,-4.15860923,-1.38999088,-3.80602319,0.01257604,-0.04833544,-0.02282964)"
negloglik:  -5556.8038 
[1] "theta = c(-0.63437811,-4.15860923,-1.38999088,-3.80602319,0.01257504,-0.04833444,-0.02282964)"
negloglik:  -5556.8038 
[1] "theta = c(-0.63437811,-4.15860923,-1.38999088,-3.80602319,0.01257504,-0.04833544,-0.02282864)"
negloglik:  -5556.8038 
iteration = 7
Step:
[1]  6.872737e-05  6.098851e-05 -5.128325e-05 -3.102513e-05 -8.070639e-06
[6]  5.204335e-05 -6.085447e-05
Parameter:
[1] -0.63437811 -4.15860923 -1.38999088 -3.80602319  0.01257504 -0.04833544
[7] -0.02282964
Function Value
[1] -5556.804
Gradient:
[1] -0.0011659722 -0.0013662292  0.0001413325  0.0306067238 -0.0011214070
[6] -0.0058853402  0.0045583874

[1] "theta = c(-0.63436903,-4.15860789,-1.38999093,-3.80605764,0.01257512,-0.04833469,-0.0228303)"
negloglik:  -5556.8038 
[1] "theta = c(-0.63436803,-4.15860789,-1.38999093,-3.80605764,0.01257512,-0.04833469,-0.0228303)"
negloglik:  -5556.8038 
[1] "theta = c(-0.63436903,-4.15860373,-1.38999093,-3.80605764,0.01257512,-0.04833469,-0.0228303)"
negloglik:  -5556.8038 
[1] "theta = c(-0.63436903,-4.15860789,-1.38998954,-3.80605764,0.01257512,-0.04833469,-0.0228303)"
negloglik:  -5556.8038 
[1] "theta = c(-0.63436903,-4.15860789,-1.38999093,-3.80605383,0.01257512,-0.04833469,-0.0228303)"
negloglik:  -5556.8038 
[1] "theta = c(-0.63436903,-4.15860789,-1.38999093,-3.80605764,0.01257612,-0.04833469,-0.0228303)"
negloglik:  -5556.8038 
[1] "theta = c(-0.63436903,-4.15860789,-1.38999093,-3.80605764,0.01257512,-0.04833369,-0.0228303)"
negloglik:  -5556.8038 
[1] "theta = c(-0.63436903,-4.15860789,-1.38999093,-3.80605764,0.01257512,-0.04833469,-0.0228293)"
negloglik:  -5556.8038 
iteration = 8
Step:
[1]  9.083592e-06  1.347209e-06 -4.773341e-08 -3.444910e-05  7.947880e-08
[6]  7.454374e-07 -6.546688e-07
Parameter:
[1] -0.63436903 -4.15860789 -1.38999093 -3.80605764  0.01257512 -0.04833469
[7] -0.02283030
Function Value
[1] -5556.804
Gradient:
[1] -0.0021836968 -0.0001898331 -0.0085447258  0.0303598403 -0.0044683475
[6]  0.0091949914 -0.0137633833

[1] "theta = c(-0.63210272,-4.15840495,-1.38995559,-3.81149898,0.01259296,-0.04826018,-0.02288582)"
negloglik:  -5556.8035 
[1] "theta = c(-0.6339766,-4.15857275,-1.38998481,-3.80699984,0.01257821,-0.04832179,-0.02283991)"
negloglik:  -5556.8038 
[1] "theta = c(-0.6339756,-4.15857275,-1.38998481,-3.80699984,0.01257821,-0.04832179,-0.02283991)"
negloglik:  -5556.8038 
[1] "theta = c(-0.6339766,-4.15856859,-1.38998481,-3.80699984,0.01257821,-0.04832179,-0.02283991)"
negloglik:  -5556.8038 
[1] "theta = c(-0.6339766,-4.15857275,-1.38998342,-3.80699984,0.01257821,-0.04832179,-0.02283991)"
negloglik:  -5556.8038 
[1] "theta = c(-0.6339766,-4.15857275,-1.38998481,-3.80699603,0.01257821,-0.04832179,-0.02283991)"
negloglik:  -5556.8038 
[1] "theta = c(-0.6339766,-4.15857275,-1.38998481,-3.80699984,0.01257921,-0.04832179,-0.02283991)"
negloglik:  -5556.8038 
[1] "theta = c(-0.6339766,-4.15857275,-1.38998481,-3.80699984,0.01257821,-0.04832079,-0.02283991)"
negloglik:  -5556.8038 
[1] "theta = c(-0.6339766,-4.15857275,-1.38998481,-3.80699984,0.01257821,-0.04832179,-0.02283891)"
negloglik:  -5556.8038 
iteration = 9
Step:
[1]  3.924263e-04  3.513937e-05  6.117877e-06 -9.422041e-04  3.089533e-06
[6]  1.290308e-05 -9.614203e-06
Parameter:
[1] -0.63397660 -4.15857275 -1.38998481 -3.80699984  0.01257821 -0.04832179
[7] -0.02283991
Function Value
[1] -5556.804
Gradient:
[1]  0.02717479  0.04223406 -0.07778751  0.01645237  0.02463094  0.20066091
[7] -0.18548690

[1] "theta = c(-0.6341695,-4.15858146,-1.3899852,-3.80754286,0.01258068,-0.04832786,-0.02283365)"
negloglik:  -5556.8038 
[1] "theta = c(-0.6341685,-4.15858146,-1.3899852,-3.80754286,0.01258068,-0.04832786,-0.02283365)"
negloglik:  -5556.8038 
[1] "theta = c(-0.6341695,-4.1585773,-1.3899852,-3.80754286,0.01258068,-0.04832786,-0.02283365)"
negloglik:  -5556.8038 
[1] "theta = c(-0.6341695,-4.15858146,-1.38998381,-3.80754286,0.01258068,-0.04832786,-0.02283365)"
negloglik:  -5556.8038 
[1] "theta = c(-0.6341695,-4.15858146,-1.3899852,-3.80753905,0.01258068,-0.04832786,-0.02283365)"
negloglik:  -5556.8038 
[1] "theta = c(-0.6341695,-4.15858146,-1.3899852,-3.80754286,0.01258168,-0.04832786,-0.02283365)"
negloglik:  -5556.8038 
[1] "theta = c(-0.6341695,-4.15858146,-1.3899852,-3.80754286,0.01258068,-0.04832686,-0.02283365)"
negloglik:  -5556.8038 
[1] "theta = c(-0.6341695,-4.15858146,-1.3899852,-3.80754286,0.01258068,-0.04832786,-0.02283265)"
negloglik:  -5556.8038 
iteration = 10
Step:
[1] -1.929027e-04 -8.715994e-06 -3.879915e-07 -5.430151e-04  2.468647e-06
[6] -6.070538e-06  6.257824e-06
Parameter:
[1] -0.63416950 -4.15858146 -1.38998520 -3.80754286  0.01258068 -0.04832786
[7] -0.02283365
Function Value
[1] -5556.804
Gradient:
[1]  0.015628757  0.020186078 -0.043957198  0.007125868  0.007205017
[6]  0.101545083 -0.099680619

[1] "theta = c(-0.63441425,-4.15859183,-1.3899859,-3.80796584,0.01258321,-0.04833471,-0.02282602)"
negloglik:  -5556.8038 
[1] "theta = c(-0.63441325,-4.15859183,-1.3899859,-3.80796584,0.01258321,-0.04833471,-0.02282602)"
negloglik:  -5556.8038 
[1] "theta = c(-0.63441425,-4.15858767,-1.3899859,-3.80796584,0.01258321,-0.04833471,-0.02282602)"
negloglik:  -5556.8038 
[1] "theta = c(-0.63441425,-4.15859183,-1.38998451,-3.80796584,0.01258321,-0.04833471,-0.02282602)"
negloglik:  -5556.8038 
[1] "theta = c(-0.63441425,-4.15859183,-1.3899859,-3.80796203,0.01258321,-0.04833471,-0.02282602)"
negloglik:  -5556.8038 
[1] "theta = c(-0.63441425,-4.15859183,-1.3899859,-3.80796584,0.01258421,-0.04833471,-0.02282602)"
negloglik:  -5556.8038 
[1] "theta = c(-0.63441425,-4.15859183,-1.3899859,-3.80796584,0.01258321,-0.04833371,-0.02282602)"
negloglik:  -5556.8038 
[1] "theta = c(-0.63441425,-4.15859183,-1.3899859,-3.80796584,0.01258321,-0.04833471,-0.02282502)"
negloglik:  -5556.8038 
iteration = 11
Step:
[1] -2.447501e-04 -1.036473e-05 -6.996842e-07 -4.229852e-04  2.530138e-06
[6] -6.850521e-06  7.633221e-06
Parameter:
[1] -0.63441425 -4.15859183 -1.38998590 -3.80796584  0.01258321 -0.04833471
[7] -0.02282602
Function Value
[1] -5556.804
Gradient:
[1] -0.004707545 -0.001352457  0.006179392  0.001273017  0.004065441
[6] -0.013906174  0.019220352

[1] "theta = c(-0.63436381,-4.15858951,-1.38998519,-3.80804351,0.01258316,-0.04833359,-0.02282737)"
negloglik:  -5556.8038 
[1] "theta = c(-0.63436281,-4.15858951,-1.38998519,-3.80804351,0.01258316,-0.04833359,-0.02282737)"
negloglik:  -5556.8038 
[1] "theta = c(-0.63436381,-4.15858535,-1.38998519,-3.80804351,0.01258316,-0.04833359,-0.02282737)"
negloglik:  -5556.8038 
[1] "theta = c(-0.63436381,-4.15858951,-1.3899838,-3.80804351,0.01258316,-0.04833359,-0.02282737)"
negloglik:  -5556.8038 
[1] "theta = c(-0.63436381,-4.15858951,-1.38998519,-3.8080397,0.01258316,-0.04833359,-0.02282737)"
negloglik:  -5556.8038 
[1] "theta = c(-0.63436381,-4.15858951,-1.38998519,-3.80804351,0.01258416,-0.04833359,-0.02282737)"
negloglik:  -5556.8038 
[1] "theta = c(-0.63436381,-4.15858951,-1.38998519,-3.80804351,0.01258316,-0.04833259,-0.02282737)"
negloglik:  -5556.8038 
[1] "theta = c(-0.63436381,-4.15858951,-1.38998519,-3.80804351,0.01258316,-0.04833359,-0.02282637)"
negloglik:  -5556.8038 
iteration = 12
Step:
[1]  5.043960e-05  2.318192e-06  7.058529e-07 -7.766559e-05 -4.482214e-08
[6]  1.123273e-06 -1.348928e-06
Parameter:
[1] -0.63436381 -4.15858951 -1.38998519 -3.80804351  0.01258316 -0.04833359
[7] -0.02282737
Function Value
[1] -5556.804
Gradient:
[1] -0.0026984708  0.0003280540  0.0016528116 -0.0006744705 -0.0066593202
[6]  0.0100808393 -0.0021245796

[1] "theta = c(-0.63431695,-4.15858885,-1.38998518,-3.80801267,0.01258307,-0.0483333,-0.02282851)"
negloglik:  -5556.8038 
[1] "theta = c(-0.63435128,-4.15858933,-1.38998519,-3.80803526,0.01258314,-0.04833351,-0.02282767)"
negloglik:  -5556.8038 
[1] "theta = c(-0.63435978,-4.15858945,-1.38998519,-3.80804085,0.01258315,-0.04833356,-0.02282747)"
negloglik:  -5556.8038 
[1] "theta = c(-0.63436284,-4.1585895,-1.38998519,-3.80804287,0.01258316,-0.04833358,-0.02282739)"
negloglik:  -5556.8038 
[1] "theta = c(-0.63426381,-4.15858951,-1.38998519,-3.80804351,0.01258316,-0.04833359,-0.02282737)"
negloglik:  -5556.8038 
[1] "theta = c(-0.63446381,-4.15858951,-1.38998519,-3.80804351,0.01258316,-0.04833359,-0.02282737)"
negloglik:  -5556.8038 
[1] "theta = c(-0.63436381,-4.15817365,-1.38998519,-3.80804351,0.01258316,-0.04833359,-0.02282737)"
negloglik:  -5556.8036 
[1] "theta = c(-0.63436381,-4.15900537,-1.38998519,-3.80804351,0.01258316,-0.04833359,-0.02282737)"
negloglik:  -5556.8036 
[1] "theta = c(-0.63436381,-4.15858951,-1.38984619,-3.80804351,0.01258316,-0.04833359,-0.02282737)"
negloglik:  -5556.8037 
[1] "theta = c(-0.63436381,-4.15858951,-1.39012419,-3.80804351,0.01258316,-0.04833359,-0.02282737)"
negloglik:  -5556.8037 
[1] "theta = c(-0.63436381,-4.15858951,-1.38998519,-3.8076627,0.01258316,-0.04833359,-0.02282737)"
negloglik:  -5556.8038 
[1] "theta = c(-0.63436381,-4.15858951,-1.38998519,-3.80842431,0.01258316,-0.04833359,-0.02282737)"
negloglik:  -5556.8038 
[1] "theta = c(-0.63436381,-4.15858951,-1.38998519,-3.80804351,0.01268316,-0.04833359,-0.02282737)"
negloglik:  -5556.8037 
[1] "theta = c(-0.63436381,-4.15858951,-1.38998519,-3.80804351,0.01248316,-0.04833359,-0.02282737)"
negloglik:  -5556.8037 
[1] "theta = c(-0.63436381,-4.15858951,-1.38998519,-3.80804351,0.01258316,-0.04823359,-0.02282737)"
negloglik:  -5556.8037 
[1] "theta = c(-0.63436381,-4.15858951,-1.38998519,-3.80804351,0.01258316,-0.04843359,-0.02282737)"
negloglik:  -5556.8037 
[1] "theta = c(-0.63436381,-4.15858951,-1.38998519,-3.80804351,0.01258316,-0.04833359,-0.02272737)"
negloglik:  -5556.8037 
[1] "theta = c(-0.63436381,-4.15858951,-1.38998519,-3.80804351,0.01258316,-0.04833359,-0.02292737)"
negloglik:  -5556.8037 
[1] "theta = c(-0.63437401,-4.1585874,-1.38998469,-3.80804891,0.0125835,-0.04833339,-0.02282677)"
negloglik:  -5556.8038 
[1] "theta = c(-0.63427401,-4.1585874,-1.38998469,-3.80804891,0.0125835,-0.04833339,-0.02282677)"
negloglik:  -5556.8038 
[1] "theta = c(-0.63447401,-4.1585874,-1.38998469,-3.80804891,0.0125835,-0.04833339,-0.02282677)"
negloglik:  -5556.8038 
[1] "theta = c(-0.63437401,-4.15817154,-1.38998469,-3.80804891,0.0125835,-0.04833339,-0.02282677)"
negloglik:  -5556.8036 
[1] "theta = c(-0.63437401,-4.15900325,-1.38998469,-3.80804891,0.0125835,-0.04833339,-0.02282677)"
negloglik:  -5556.8036 
[1] "theta = c(-0.63437401,-4.1585874,-1.3898457,-3.80804891,0.0125835,-0.04833339,-0.02282677)"
negloglik:  -5556.8037 
[1] "theta = c(-0.63437401,-4.1585874,-1.39012369,-3.80804891,0.0125835,-0.04833339,-0.02282677)"
negloglik:  -5556.8037 
[1] "theta = c(-0.63437401,-4.1585874,-1.38998469,-3.8076681,0.0125835,-0.04833339,-0.02282677)"
negloglik:  -5556.8038 
[1] "theta = c(-0.63437401,-4.1585874,-1.38998469,-3.80842971,0.0125835,-0.04833339,-0.02282677)"
negloglik:  -5556.8038 
[1] "theta = c(-0.63437401,-4.1585874,-1.38998469,-3.80804891,0.0126835,-0.04833339,-0.02282677)"
negloglik:  -5556.8037 
[1] "theta = c(-0.63437401,-4.1585874,-1.38998469,-3.80804891,0.0124835,-0.04833339,-0.02282677)"
negloglik:  -5556.8037 
[1] "theta = c(-0.63437401,-4.1585874,-1.38998469,-3.80804891,0.0125835,-0.04823339,-0.02282677)"
negloglik:  -5556.8037 
[1] "theta = c(-0.63437401,-4.1585874,-1.38998469,-3.80804891,0.0125835,-0.04843339,-0.02282677)"
negloglik:  -5556.8037 
[1] "theta = c(-0.63437401,-4.1585874,-1.38998469,-3.80804891,0.0125835,-0.04833339,-0.02272677)"
negloglik:  -5556.8037 
[1] "theta = c(-0.63437401,-4.1585874,-1.38998469,-3.80804891,0.0125835,-0.04833339,-0.02292677)"
negloglik:  -5556.8037 
iteration = 13
Parameter:
[1] -0.63437401 -4.15858740 -1.38998469 -3.80804891  0.01258350 -0.04833339
[7] -0.02282677
Function Value
[1] -5556.804
Gradient:
[1] -3.270679e-04 -3.121982e-05  3.830880e-04  3.977675e-05 -4.997219e-04
[6]  3.397190e-04  6.598157e-04

Relative gradient close to zero.
Current iterate is probably solution.

[1] "theta = c(-0.63427401,-4.1585874,-1.38998469,-3.80804891,0.0125835,-0.04833339,-0.02282677)"
negloglik:  -5556.8038 
[1] "theta = c(-0.63437401,-4.1584874,-1.38998469,-3.80804891,0.0125835,-0.04833339,-0.02282677)"
negloglik:  -5556.8038 
[1] "theta = c(-0.63437401,-4.1585874,-1.38988469,-3.80804891,0.0125835,-0.04833339,-0.02282677)"
negloglik:  -5556.8038 
[1] "theta = c(-0.63437401,-4.1585874,-1.38998469,-3.80794891,0.0125835,-0.04833339,-0.02282677)"
negloglik:  -5556.8038 
[1] "theta = c(-0.63437401,-4.1585874,-1.38998469,-3.80804891,0.0126835,-0.04833339,-0.02282677)"
negloglik:  -5556.8037 
[1] "theta = c(-0.63437401,-4.1585874,-1.38998469,-3.80804891,0.0125835,-0.04823339,-0.02282677)"
negloglik:  -5556.8037 
[1] "theta = c(-0.63437401,-4.1585874,-1.38998469,-3.80804891,0.0125835,-0.04833339,-0.02272677)"
negloglik:  -5556.8037 
[1] "theta = c(-0.63417401,-4.1585874,-1.38998469,-3.80804891,0.0125835,-0.04833339,-0.02282677)"
negloglik:  -5556.8038 
[1] "theta = c(-0.63427401,-4.1584874,-1.38998469,-3.80804891,0.0125835,-0.04833339,-0.02282677)"
negloglik:  -5556.8038 
[1] "theta = c(-0.63427401,-4.1585874,-1.38988469,-3.80804891,0.0125835,-0.04833339,-0.02282677)"
negloglik:  -5556.8038 
[1] "theta = c(-0.63427401,-4.1585874,-1.38998469,-3.80794891,0.0125835,-0.04833339,-0.02282677)"
negloglik:  -5556.8038 
[1] "theta = c(-0.63427401,-4.1585874,-1.38998469,-3.80804891,0.0126835,-0.04833339,-0.02282677)"
negloglik:  -5556.8037 
[1] "theta = c(-0.63427401,-4.1585874,-1.38998469,-3.80804891,0.0125835,-0.04823339,-0.02282677)"
negloglik:  -5556.8037 
[1] "theta = c(-0.63427401,-4.1585874,-1.38998469,-3.80804891,0.0125835,-0.04833339,-0.02272677)"
negloglik:  -5556.8037 
[1] "theta = c(-0.63437401,-4.1583874,-1.38998469,-3.80804891,0.0125835,-0.04833339,-0.02282677)"
negloglik:  -5556.8038 
[1] "theta = c(-0.63437401,-4.1584874,-1.38988469,-3.80804891,0.0125835,-0.04833339,-0.02282677)"
negloglik:  -5556.8038 
[1] "theta = c(-0.63437401,-4.1584874,-1.38998469,-3.80794891,0.0125835,-0.04833339,-0.02282677)"
negloglik:  -5556.8038 
[1] "theta = c(-0.63437401,-4.1584874,-1.38998469,-3.80804891,0.0126835,-0.04833339,-0.02282677)"
negloglik:  -5556.8037 
[1] "theta = c(-0.63437401,-4.1584874,-1.38998469,-3.80804891,0.0125835,-0.04823339,-0.02282677)"
negloglik:  -5556.8037 
[1] "theta = c(-0.63437401,-4.1584874,-1.38998469,-3.80804891,0.0125835,-0.04833339,-0.02272677)"
negloglik:  -5556.8037 
[1] "theta = c(-0.63437401,-4.1585874,-1.38978469,-3.80804891,0.0125835,-0.04833339,-0.02282677)"
negloglik:  -5556.8036 
[1] "theta = c(-0.63437401,-4.1585874,-1.38988469,-3.80794891,0.0125835,-0.04833339,-0.02282677)"
negloglik:  -5556.8038 
[1] "theta = c(-0.63437401,-4.1585874,-1.38988469,-3.80804891,0.0126835,-0.04833339,-0.02282677)"
negloglik:  -5556.8036 
[1] "theta = c(-0.63437401,-4.1585874,-1.38988469,-3.80804891,0.0125835,-0.04823339,-0.02282677)"
negloglik:  -5556.8037 
[1] "theta = c(-0.63437401,-4.1585874,-1.38988469,-3.80804891,0.0125835,-0.04833339,-0.02272677)"
negloglik:  -5556.8037 
[1] "theta = c(-0.63437401,-4.1585874,-1.38998469,-3.80784891,0.0125835,-0.04833339,-0.02282677)"
negloglik:  -5556.8038 
[1] "theta = c(-0.63437401,-4.1585874,-1.38998469,-3.80794891,0.0126835,-0.04833339,-0.02282677)"
negloglik:  -5556.8037 
[1] "theta = c(-0.63437401,-4.1585874,-1.38998469,-3.80794891,0.0125835,-0.04823339,-0.02282677)"
negloglik:  -5556.8037 
[1] "theta = c(-0.63437401,-4.1585874,-1.38998469,-3.80794891,0.0125835,-0.04833339,-0.02272677)"
negloglik:  -5556.8037 
[1] "theta = c(-0.63437401,-4.1585874,-1.38998469,-3.80804891,0.0127835,-0.04833339,-0.02282677)"
negloglik:  -5556.8033 
[1] "theta = c(-0.63437401,-4.1585874,-1.38998469,-3.80804891,0.0126835,-0.04823339,-0.02282677)"
negloglik:  -5556.8036 
[1] "theta = c(-0.63437401,-4.1585874,-1.38998469,-3.80804891,0.0126835,-0.04833339,-0.02272677)"
negloglik:  -5556.8036 
[1] "theta = c(-0.63437401,-4.1585874,-1.38998469,-3.80804891,0.0125835,-0.04813339,-0.02282677)"
negloglik:  -5556.8034 
[1] "theta = c(-0.63437401,-4.1585874,-1.38998469,-3.80804891,0.0125835,-0.04823339,-0.02272677)"
negloglik:  -5556.8036 
[1] "theta = c(-0.63437401,-4.1585874,-1.38998469,-3.80804891,0.0125835,-0.04833339,-0.02262677)"
negloglik:  -5556.8035 
$convergence_code
[1] 1

$iterations
[1] 13

$loglikelihood_value
[1] 5556.804

$theta
[1] -0.63437401 -4.15858740 -1.38998469 -3.80804891  0.01258350 -0.04833339
[7] -0.02282677

$gradient
[1] -3.270679e-04 -3.121982e-05  3.830880e-04  3.977675e-05 -4.997219e-04
[6]  3.397190e-04  6.598157e-04

$est_beta
[1] 0.3465194

$est_beta_sd
[1] 0.0289516

$est_scale_horizontal
[1] 0.01562962

$est_scale_horizontal_sd
[1] 0.0003222743

$est_scale_vertical
[1] 0.2490791

$est_scale_vertical_sd
[1] 0.002300867

$est_a1
[1] 2.219143e-05

$est_a1_sd
[1] 5.756685e-06

$est_b1
[1] 1.25835e-05

$est_b1_sd
[1] 6.154823e-06

$est_c1_coef
[1] -6.4047316 -5.9536681 -0.7342159  2.8249918 -0.7227071 -1.2614722

$est_d1
[1] 0

$est_a2
[1] -4.833339e-05

$est_a2_sd
[1] 7.40588e-06

$est_b2
[1] -2.282677e-05

$est_b2_sd
[1] 7.38195e-06

$est_c2_coef
[1] -2.1389081 -1.6374512  2.7351685 -0.2607289 -3.1379073 -2.5340300

$est_d2
[1] 0

$splines_degree
[1] 2

$inner_knots1
[1] 0.1 0.5 0.9

$inner_knots2
[1] 0.1 0.5 0.9

[1] 752.6682
