Starting at Tue Jul 11 10:43:07 CDT 2023
Running on hosts: compute-6-26
Running on 1 nodes.
Running 1 tasks.
Current working directory is /project/jun/msalvana/DiffOp
FITTING MODEL ON REAL DATASET
[1] "theta = c(-0.86196686,-4.1648521,-1.39985347,-3.48921176,0.01208163,-0.04817469,-0.02415194)"
negloglik:  -5550.3272 
[1] "theta = c(-0.86196686,-4.1648521,-1.39985347,-3.48921176,0.01208163,-0.04817469,-0.02415194)"
negloglik:  -5550.3272 
[1] "theta = c(-0.86196586,-4.1648521,-1.39985347,-3.48921176,0.01208163,-0.04817469,-0.02415194)"
negloglik:  -5550.3272 
[1] "theta = c(-0.86196686,-4.16484794,-1.39985347,-3.48921176,0.01208163,-0.04817469,-0.02415194)"
negloglik:  -5550.3271 
[1] "theta = c(-0.86196686,-4.1648521,-1.39985207,-3.48921176,0.01208163,-0.04817469,-0.02415194)"
negloglik:  -5550.3272 
[1] "theta = c(-0.86196686,-4.1648521,-1.39985347,-3.48920827,0.01208163,-0.04817469,-0.02415194)"
negloglik:  -5550.3272 
[1] "theta = c(-0.86196686,-4.1648521,-1.39985347,-3.48921176,0.01208263,-0.04817469,-0.02415194)"
negloglik:  -5550.3272 
[1] "theta = c(-0.86196686,-4.1648521,-1.39985347,-3.48921176,0.01208163,-0.04817369,-0.02415194)"
negloglik:  -5550.3272 
[1] "theta = c(-0.86196686,-4.1648521,-1.39985347,-3.48921176,0.01208163,-0.04817469,-0.02415094)"
negloglik:  -5550.3272 
iteration = 0
Step:
[1] 0 0 0 0 0 0 0
Parameter:
[1] -0.86196686 -4.16485210 -1.39985347 -3.48921176  0.01208163 -0.04817469
[7] -0.02415194
Function Value
[1] -5550.327
Gradient:
[1] -11.436883  32.368162  25.403389   6.478512  15.322749   3.259450   2.880938

[1] "theta = c(-0.61354515,-4.86792425,-1.95164308,-3.62993217,-0.32074537,-0.11897353,-0.08672909)"
negloglik:  1773.569 
[1] "theta = c(-0.83712469,-4.23515932,-1.45503243,-3.5032838,-0.02120107,-0.05525457,-0.03040966)"
negloglik:  -5524.3308 
[1] "theta = c(-0.85948264,-4.17188282,-1.40537137,-3.49061896,0.00875336,-0.04888268,-0.02477771)"
negloglik:  -5550.4457 
[1] "theta = c(-0.85948164,-4.17188282,-1.40537137,-3.49061896,0.00875336,-0.04888268,-0.02477771)"
negloglik:  -5550.4457 
[1] "theta = c(-0.85948264,-4.17187865,-1.40537137,-3.49061896,0.00875336,-0.04888268,-0.02477771)"
negloglik:  -5550.4457 
[1] "theta = c(-0.85948264,-4.17188282,-1.40536996,-3.49061896,0.00875336,-0.04888268,-0.02477771)"
negloglik:  -5550.4458 
[1] "theta = c(-0.85948264,-4.17188282,-1.40537137,-3.49061547,0.00875336,-0.04888268,-0.02477771)"
negloglik:  -5550.4457 
[1] "theta = c(-0.85948264,-4.17188282,-1.40537137,-3.49061896,0.00875436,-0.04888268,-0.02477771)"
negloglik:  -5550.4458 
[1] "theta = c(-0.85948264,-4.17188282,-1.40537137,-3.49061896,0.00875336,-0.04888168,-0.02477771)"
negloglik:  -5550.4457 
[1] "theta = c(-0.85948264,-4.17188282,-1.40537137,-3.49061896,0.00875336,-0.04888268,-0.02477671)"
negloglik:  -5550.4457 
iteration = 1
Step:
[1]  0.0024842171 -0.0070307215 -0.0055178961 -0.0014072041 -0.0033282700
[6] -0.0007079884 -0.0006257715
Parameter:
[1] -0.85948264 -4.17188282 -1.40537137 -3.49061896  0.00875336 -0.04888268
[7] -0.02477771
Function Value
[1] -5550.446
Gradient:
[1] -10.388420  15.704363 -49.214116   5.571231 -24.340745   4.628927  -1.037944

[1] "theta = c(-0.85748288,-4.17612198,-1.40231608,-3.49171924,0.010042,-0.04962562,-0.02490241)"
negloglik:  -5550.6308 
[1] "theta = c(-0.85748188,-4.17612198,-1.40231608,-3.49171924,0.010042,-0.04962562,-0.02490241)"
negloglik:  -5550.6308 
[1] "theta = c(-0.85748288,-4.1761178,-1.40231608,-3.49171924,0.010042,-0.04962562,-0.02490241)"
negloglik:  -5550.6308 
[1] "theta = c(-0.85748288,-4.17612198,-1.40231468,-3.49171924,0.010042,-0.04962562,-0.02490241)"
negloglik:  -5550.6308 
[1] "theta = c(-0.85748288,-4.17612198,-1.40231608,-3.49171575,0.010042,-0.04962562,-0.02490241)"
negloglik:  -5550.6308 
[1] "theta = c(-0.85748288,-4.17612198,-1.40231608,-3.49171924,0.010043,-0.04962562,-0.02490241)"
negloglik:  -5550.6308 
[1] "theta = c(-0.85748288,-4.17612198,-1.40231608,-3.49171924,0.010042,-0.04962462,-0.02490241)"
negloglik:  -5550.6308 
[1] "theta = c(-0.85748288,-4.17612198,-1.40231608,-3.49171924,0.010042,-0.04962562,-0.02490141)"
negloglik:  -5550.6308 
iteration = 2
Step:
[1]  0.0019997602 -0.0042391593  0.0030552882 -0.0011002798  0.0012886402
[6] -0.0007429398 -0.0001246976
Parameter:
[1] -0.85748288 -4.17612198 -1.40231608 -3.49171924  0.01004200 -0.04962562
[7] -0.02490241
Function Value
[1] -5550.631
Gradient:
[1] -10.702985   6.315032  -7.433659   5.696077 -14.000686  -5.302359  -2.437827

[1] "theta = c(-0.85390924,-4.18055403,-1.40151286,-3.49365409,0.01251549,-0.04882374,-0.02456812)"
negloglik:  -5550.6757 
[1] "theta = c(-0.85390824,-4.18055403,-1.40151286,-3.49365409,0.01251549,-0.04882374,-0.02456812)"
negloglik:  -5550.6757 
[1] "theta = c(-0.85390924,-4.18054985,-1.40151286,-3.49365409,0.01251549,-0.04882374,-0.02456812)"
negloglik:  -5550.6758 
[1] "theta = c(-0.85390924,-4.18055403,-1.40151146,-3.49365409,0.01251549,-0.04882374,-0.02456812)"
negloglik:  -5550.6757 
[1] "theta = c(-0.85390924,-4.18055403,-1.40151286,-3.4936506,0.01251549,-0.04882374,-0.02456812)"
negloglik:  -5550.6757 
[1] "theta = c(-0.85390924,-4.18055403,-1.40151286,-3.49365409,0.01251649,-0.04882374,-0.02456812)"
negloglik:  -5550.6757 
[1] "theta = c(-0.85390924,-4.18055403,-1.40151286,-3.49365409,0.01251549,-0.04882274,-0.02456812)"
negloglik:  -5550.6757 
[1] "theta = c(-0.85390924,-4.18055403,-1.40151286,-3.49365409,0.01251549,-0.04882374,-0.02456712)"
negloglik:  -5550.6757 
iteration = 3
Step:
[1]  0.0035736432 -0.0044320516  0.0008032196 -0.0019348472  0.0024734892
[6]  0.0008018745  0.0003342842
Parameter:
[1] -0.85390924 -4.18055403 -1.40151286 -3.49365409  0.01251549 -0.04882374
[7] -0.02456812
Function Value
[1] -5550.676
Gradient:
[1] -10.354972  -6.413238   3.101572   5.818417  15.683947  17.663927  10.779276

[1] "theta = c(-0.85081802,-4.18226596,-1.40126263,-3.49535242,0.01207966,-0.05045979,-0.02562711)"
negloglik:  -5550.7128 
[1] "theta = c(-0.85081702,-4.18226596,-1.40126263,-3.49535242,0.01207966,-0.05045979,-0.02562711)"
negloglik:  -5550.7128 
[1] "theta = c(-0.85081802,-4.18226178,-1.40126263,-3.49535242,0.01207966,-0.05045979,-0.02562711)"
negloglik:  -5550.7128 
[1] "theta = c(-0.85081802,-4.18226596,-1.40126123,-3.49535242,0.01207966,-0.05045979,-0.02562711)"
negloglik:  -5550.7128 
[1] "theta = c(-0.85081802,-4.18226596,-1.40126263,-3.49534893,0.01207966,-0.05045979,-0.02562711)"
negloglik:  -5550.7128 
[1] "theta = c(-0.85081802,-4.18226596,-1.40126263,-3.49535242,0.01208066,-0.05045979,-0.02562711)"
negloglik:  -5550.7128 
[1] "theta = c(-0.85081802,-4.18226596,-1.40126263,-3.49535242,0.01207966,-0.05045879,-0.02562711)"
negloglik:  -5550.7128 
[1] "theta = c(-0.85081802,-4.18226596,-1.40126263,-3.49535242,0.01207966,-0.05045979,-0.02562611)"
negloglik:  -5550.7128 
iteration = 4
Step:
[1]  0.0030912155 -0.0017119263  0.0002502278 -0.0016983329 -0.0004358320
[6] -0.0016360415 -0.0010589885
Parameter:
[1] -0.85081802 -4.18226596 -1.40126263 -3.49535242  0.01207966 -0.05045979
[7] -0.02562711
Function Value
[1] -5550.713
Gradient:
[1] -10.352128  -7.474524   7.737663   5.684573   8.521816 -12.382538 -11.694953

[1] "theta = c(-0.84680923,-4.18221971,-1.40112872,-3.49755634,0.01052239,-0.05048112,-0.02497398)"
negloglik:  -5550.7674 
[1] "theta = c(-0.84680823,-4.18221971,-1.40112872,-3.49755634,0.01052239,-0.05048112,-0.02497398)"
negloglik:  -5550.7674 
[1] "theta = c(-0.84680923,-4.18221553,-1.40112872,-3.49755634,0.01052239,-0.05048112,-0.02497398)"
negloglik:  -5550.7674 
[1] "theta = c(-0.84680923,-4.18221971,-1.40112732,-3.49755634,0.01052239,-0.05048112,-0.02497398)"
negloglik:  -5550.7674 
[1] "theta = c(-0.84680923,-4.18221971,-1.40112872,-3.49755285,0.01052239,-0.05048112,-0.02497398)"
negloglik:  -5550.7674 
[1] "theta = c(-0.84680923,-4.18221971,-1.40112872,-3.49755634,0.01052339,-0.05048112,-0.02497398)"
negloglik:  -5550.7674 
[1] "theta = c(-0.84680923,-4.18221971,-1.40112872,-3.49755634,0.01052239,-0.05048012,-0.02497398)"
negloglik:  -5550.7674 
[1] "theta = c(-0.84680923,-4.18221971,-1.40112872,-3.49755634,0.01052239,-0.05048112,-0.02497298)"
negloglik:  -5550.7674 
iteration = 5
Step:
[1]  4.008791e-03  4.624946e-05  1.339072e-04 -2.203920e-03 -1.557265e-03
[6] -2.133295e-05  6.531287e-04
Parameter:
[1] -0.84680923 -4.18221971 -1.40112872 -3.49755634  0.01052239 -0.05048112
[7] -0.02497398
Function Value
[1] -5550.767
Gradient:
[1] -10.2618997  -8.5361123   7.1115621   5.4543452 -10.1312362 -11.2659536
[7]  -0.4384374

[1] "theta = c(-0.82962654,-4.18085312,-1.40118107,-3.50695054,0.00877057,-0.05008708,-0.02484444)"
negloglik:  -5550.9706 
[1] "theta = c(-0.82962554,-4.18085312,-1.40118107,-3.50695054,0.00877057,-0.05008708,-0.02484444)"
negloglik:  -5550.9706 
[1] "theta = c(-0.82962654,-4.18084893,-1.40118107,-3.50695054,0.00877057,-0.05008708,-0.02484444)"
negloglik:  -5550.9706 
[1] "theta = c(-0.82962654,-4.18085312,-1.40117967,-3.50695054,0.00877057,-0.05008708,-0.02484444)"
negloglik:  -5550.9706 
[1] "theta = c(-0.82962654,-4.18085312,-1.40118107,-3.50694703,0.00877057,-0.05008708,-0.02484444)"
negloglik:  -5550.9706 
[1] "theta = c(-0.82962654,-4.18085312,-1.40118107,-3.50695054,0.00877157,-0.05008708,-0.02484444)"
negloglik:  -5550.9706 
[1] "theta = c(-0.82962654,-4.18085312,-1.40118107,-3.50695054,0.00877057,-0.05008608,-0.02484444)"
negloglik:  -5550.9706 
[1] "theta = c(-0.82962654,-4.18085312,-1.40118107,-3.50695054,0.00877057,-0.05008708,-0.02484344)"
negloglik:  -5550.9706 
iteration = 6
Step:
[1]  1.718269e-02  1.366594e-03 -5.234419e-05 -9.394191e-03 -1.751822e-03
[6]  3.940405e-04  1.295488e-04
Parameter:
[1] -0.82962654 -4.18085312 -1.40118107 -3.50695054  0.00877057 -0.05008708
[7] -0.02484444
Function Value
[1] -5550.971
Gradient:
[1]  -9.537686  -6.760133   0.858994   5.011029 -22.726135  -6.072725   2.026626

[1] "theta = c(-0.71944037,-4.17640303,-1.40002457,-3.56719484,0.00304517,-0.05028049,-0.02311017)"
negloglik:  -5551.8675 
[1] "theta = c(-0.71943937,-4.17640303,-1.40002457,-3.56719484,0.00304517,-0.05028049,-0.02311017)"
negloglik:  -5551.8676 
[1] "theta = c(-0.71944037,-4.17639886,-1.40002457,-3.56719484,0.00304517,-0.05028049,-0.02311017)"
negloglik:  -5551.8676 
[1] "theta = c(-0.71944037,-4.17640303,-1.40002317,-3.56719484,0.00304517,-0.05028049,-0.02311017)"
negloglik:  -5551.8676 
[1] "theta = c(-0.71944037,-4.17640303,-1.40002457,-3.56719128,0.00304517,-0.05028049,-0.02311017)"
negloglik:  -5551.8675 
[1] "theta = c(-0.71944037,-4.17640303,-1.40002457,-3.56719484,0.00304617,-0.05028049,-0.02311017)"
negloglik:  -5551.8675 
[1] "theta = c(-0.71944037,-4.17640303,-1.40002457,-3.56719484,0.00304517,-0.05027949,-0.02311017)"
negloglik:  -5551.8676 
[1] "theta = c(-0.71944037,-4.17640303,-1.40002457,-3.56719484,0.00304517,-0.05028049,-0.02310917)"
negloglik:  -5551.8675 
iteration = 7
Step:
[1]  0.1101861734  0.0044500818  0.0011564987 -0.0602443085 -0.0057254022
[6] -0.0001934151  0.0017342621
Parameter:
[1] -0.719440368 -4.176403033 -1.400024569 -3.567194844  0.003045168
[6] -0.050280493 -0.023110174
Function Value
[1] -5551.868
Gradient:
[1]  -4.1976455  -2.5179344 -14.4500522   2.8473263   0.6185128  -8.2324259
[7]  27.8709449

[1] "theta = c(-0.56247773,-4.17175799,-1.39529899,-3.65319919,-0.00793215,-0.04683142,-0.02668301)"
negloglik:  -5552.0024 
[1] "theta = c(-0.56247673,-4.17175799,-1.39529899,-3.65319919,-0.00793215,-0.04683142,-0.02668301)"
negloglik:  -5552.0024 
[1] "theta = c(-0.56247773,-4.17175382,-1.39529899,-3.65319919,-0.00793215,-0.04683142,-0.02668301)"
negloglik:  -5552.0024 
[1] "theta = c(-0.56247773,-4.17175799,-1.39529759,-3.65319919,-0.00793215,-0.04683142,-0.02668301)"
negloglik:  -5552.0024 
[1] "theta = c(-0.56247773,-4.17175799,-1.39529899,-3.65319554,-0.00793215,-0.04683142,-0.02668301)"
negloglik:  -5552.0024 
[1] "theta = c(-0.56247773,-4.17175799,-1.39529899,-3.65319919,-0.00793115,-0.04683142,-0.02668301)"
negloglik:  -5552.0025 
[1] "theta = c(-0.56247773,-4.17175799,-1.39529899,-3.65319919,-0.00793215,-0.04683042,-0.02668301)"
negloglik:  -5552.0024 
[1] "theta = c(-0.56247773,-4.17175799,-1.39529899,-3.65319919,-0.00793215,-0.04683142,-0.02668201)"
negloglik:  -5552.0025 
iteration = 8
Step:
[1]  0.156962642  0.004645039  0.004725580 -0.086004346 -0.010977320
[6]  0.003449072 -0.003572838
Parameter:
[1] -0.562477726 -4.171757994 -1.395298989 -3.653199190 -0.007932152
[6] -0.046831421 -0.026683012
Function Value
[1] -5552.002
Gradient:
[1]   5.135917  -2.227071   1.181269   0.118325 -65.907855  32.593374 -38.672845

[1] "theta = c(-0.65127851,-4.17400301,-1.39767336,-3.60478547,-0.00043853,-0.04945591,-0.02426503)"
negloglik:  -5552.2233 
[1] "theta = c(-0.65127751,-4.17400301,-1.39767336,-3.60478547,-0.00043853,-0.04945591,-0.02426503)"
negloglik:  -5552.2233 
[1] "theta = c(-0.65127851,-4.17399884,-1.39767336,-3.60478547,-0.00043853,-0.04945591,-0.02426503)"
negloglik:  -5552.2233 
[1] "theta = c(-0.65127851,-4.17400301,-1.39767196,-3.60478547,-0.00043853,-0.04945591,-0.02426503)"
negloglik:  -5552.2233 
[1] "theta = c(-0.65127851,-4.17400301,-1.39767336,-3.60478187,-0.00043853,-0.04945591,-0.02426503)"
negloglik:  -5552.2233 
[1] "theta = c(-0.65127851,-4.17400301,-1.39767336,-3.60478547,-0.00043753,-0.04945591,-0.02426503)"
negloglik:  -5552.2233 
[1] "theta = c(-0.65127851,-4.17400301,-1.39767336,-3.60478547,-0.00043853,-0.04945491,-0.02426503)"
negloglik:  -5552.2233 
[1] "theta = c(-0.65127851,-4.17400301,-1.39767336,-3.60478547,-0.00043853,-0.04945591,-0.02426403)"
negloglik:  -5552.2233 
iteration = 9
Step:
[1] -0.088800786 -0.002245020 -0.002374368  0.048413717  0.007493621
[6] -0.002624488  0.002417985
Parameter:
[1] -0.6512785125 -4.1740030146 -1.3976733570 -3.6047854726 -0.0004385311
[6] -0.0494559082 -0.0242650269
Function Value
[1] -5552.223
Gradient:
[1] -0.6459823 -0.3968275 -3.4140871  1.7948880 28.7244702 -1.0232670 -0.6558139

[1] "theta = c(-0.62489591,-4.17302994,-1.39685324,-3.61945026,-0.00269131,-0.0496415,-0.0238322)"
negloglik:  -5552.3121 
[1] "theta = c(-0.62489491,-4.17302994,-1.39685324,-3.61945026,-0.00269131,-0.0496415,-0.0238322)"
negloglik:  -5552.3121 
[1] "theta = c(-0.62489591,-4.17302577,-1.39685324,-3.61945026,-0.00269131,-0.0496415,-0.0238322)"
negloglik:  -5552.3121 
[1] "theta = c(-0.62489591,-4.17302994,-1.39685184,-3.61945026,-0.00269131,-0.0496415,-0.0238322)"
negloglik:  -5552.3121 
[1] "theta = c(-0.62489591,-4.17302994,-1.39685324,-3.61944664,-0.00269131,-0.0496415,-0.0238322)"
negloglik:  -5552.3121 
[1] "theta = c(-0.62489591,-4.17302994,-1.39685324,-3.61945026,-0.00269031,-0.0496415,-0.0238322)"
negloglik:  -5552.3121 
[1] "theta = c(-0.62489591,-4.17302994,-1.39685324,-3.61945026,-0.00269131,-0.0496405,-0.0238322)"
negloglik:  -5552.3122 
[1] "theta = c(-0.62489591,-4.17302994,-1.39685324,-3.61945026,-0.00269131,-0.0496415,-0.0238312)"
negloglik:  -5552.3121 
iteration = 10
Step:
[1]  0.0263825988  0.0009730717  0.0008201175 -0.0146647917 -0.0022527820
[6] -0.0001855902  0.0004328225
Parameter:
[1] -0.624895914 -4.173029943 -1.396853239 -3.619450264 -0.002691313
[6] -0.049641498 -0.023832204
Function Value
[1] -5552.312
Gradient:
[1]  0.8461329  0.1609960  0.3195800  1.4139562 26.9815464 -5.0157496  3.4019413

[1] "theta = c(-0.59598822,-4.17165366,-1.39590955,-3.63592392,-0.00676655,-0.04890408,-0.0241982)"
negloglik:  -5552.2784 
[1] "theta = c(-0.61376317,-4.17249992,-1.39648981,-3.62579449,-0.00426074,-0.04935751,-0.02397315)"
negloglik:  -5552.339 
[1] "theta = c(-0.61376217,-4.17249992,-1.39648981,-3.62579449,-0.00426074,-0.04935751,-0.02397315)"
negloglik:  -5552.339 
[1] "theta = c(-0.61376317,-4.17249575,-1.39648981,-3.62579449,-0.00426074,-0.04935751,-0.02397315)"
negloglik:  -5552.339 
[1] "theta = c(-0.61376317,-4.17249992,-1.39648841,-3.62579449,-0.00426074,-0.04935751,-0.02397315)"
negloglik:  -5552.339 
[1] "theta = c(-0.61376317,-4.17249992,-1.39648981,-3.62579086,-0.00426074,-0.04935751,-0.02397315)"
negloglik:  -5552.339 
[1] "theta = c(-0.61376317,-4.17249992,-1.39648981,-3.62579449,-0.00425974,-0.04935751,-0.02397315)"
negloglik:  -5552.339 
[1] "theta = c(-0.61376317,-4.17249992,-1.39648981,-3.62579449,-0.00426074,-0.04935651,-0.02397315)"
negloglik:  -5552.339 
[1] "theta = c(-0.61376317,-4.17249992,-1.39648981,-3.62579449,-0.00426074,-0.04935751,-0.02397215)"
negloglik:  -5552.339 
iteration = 11
Step:
[1]  0.0111327398  0.0005300253  0.0003634289 -0.0063442244 -0.0015694283
[6]  0.0002839916 -0.0001409499
Parameter:
[1] -0.613763174 -4.172499918 -1.396489811 -3.625794489 -0.004260741
[6] -0.049357507 -0.023973154
Function Value
[1] -5552.339
Gradient:
[1]  1.4929019  0.4159622  2.2500431  1.2094096 10.4198116 -1.9520548 -0.2095212

[1] "theta = c(-0.61606238,-4.17250363,-1.39658785,-3.62488129,-0.00475389,-0.04921917,-0.02401893)"
negloglik:  -5552.3449 
[1] "theta = c(-0.61606138,-4.17250363,-1.39658785,-3.62488129,-0.00475389,-0.04921917,-0.02401893)"
negloglik:  -5552.3449 
[1] "theta = c(-0.61606238,-4.17249946,-1.39658785,-3.62488129,-0.00475389,-0.04921917,-0.02401893)"
negloglik:  -5552.3449 
[1] "theta = c(-0.61606238,-4.17250363,-1.39658646,-3.62488129,-0.00475389,-0.04921917,-0.02401893)"
negloglik:  -5552.3449 
[1] "theta = c(-0.61606238,-4.17250363,-1.39658785,-3.62487766,-0.00475389,-0.04921917,-0.02401893)"
negloglik:  -5552.3449 
[1] "theta = c(-0.61606238,-4.17250363,-1.39658785,-3.62488129,-0.00475289,-0.04921917,-0.02401893)"
negloglik:  -5552.3449 
[1] "theta = c(-0.61606238,-4.17250363,-1.39658785,-3.62488129,-0.00475389,-0.04921817,-0.02401893)"
negloglik:  -5552.3449 
[1] "theta = c(-0.61606238,-4.17250363,-1.39658785,-3.62488129,-0.00475389,-0.04921917,-0.02401793)"
negloglik:  -5552.3449 
iteration = 12
Step:
[1] -2.299208e-03 -3.716422e-06 -9.804412e-05  9.132034e-04 -4.931481e-04
[6]  1.383408e-04 -4.577198e-05
Parameter:
[1] -0.616062382 -4.172503634 -1.396587855 -3.624881285 -0.004753889
[6] -0.049219166 -0.024018926
Function Value
[1] -5552.345
Gradient:
[1]  1.35983646  0.36809142  1.86865667  1.20858266  2.95445443 -0.01072658
[7] -0.79721576

[1] "theta = c(-0.62490565,-4.17279283,-1.39692696,-3.62076001,-0.00504301,-0.04914675,-0.02404264)"
negloglik:  -5552.3499 
[1] "theta = c(-0.62490465,-4.17279283,-1.39692696,-3.62076001,-0.00504301,-0.04914675,-0.02404264)"
negloglik:  -5552.3499 
[1] "theta = c(-0.62490565,-4.17278866,-1.39692696,-3.62076001,-0.00504301,-0.04914675,-0.02404264)"
negloglik:  -5552.3499 
[1] "theta = c(-0.62490565,-4.17279283,-1.39692556,-3.62076001,-0.00504301,-0.04914675,-0.02404264)"
negloglik:  -5552.3499 
[1] "theta = c(-0.62490565,-4.17279283,-1.39692696,-3.62075639,-0.00504301,-0.04914675,-0.02404264)"
negloglik:  -5552.3499 
[1] "theta = c(-0.62490565,-4.17279283,-1.39692696,-3.62076001,-0.00504201,-0.04914675,-0.02404264)"
negloglik:  -5552.3499 
[1] "theta = c(-0.62490565,-4.17279283,-1.39692696,-3.62076001,-0.00504301,-0.04914575,-0.02404264)"
negloglik:  -5552.3499 
[1] "theta = c(-0.62490565,-4.17279283,-1.39692696,-3.62076001,-0.00504301,-0.04914675,-0.02404164)"
negloglik:  -5552.3499 
iteration = 13
Step:
[1] -8.843273e-03 -2.891976e-04 -3.391058e-04  4.121275e-03 -2.891220e-04
[6]  7.241702e-05 -2.371477e-05
Parameter:
[1] -0.624905655 -4.172792832 -1.396926960 -3.620760011 -0.005043011
[6] -0.049146749 -0.024042641
Function Value
[1] -5552.35
Gradient:
[1]  0.82646511  0.09564728  0.28603248  1.29260448 -1.59470619  1.25009046
[7] -0.77798086

[1] "theta = c(-0.62764369,-4.17293145,-1.39703115,-3.61968557,-0.00501883,-0.04923272,-0.02398222)"
negloglik:  -5552.3506 
[1] "theta = c(-0.62764269,-4.17293145,-1.39703115,-3.61968557,-0.00501883,-0.04923272,-0.02398222)"
negloglik:  -5552.3506 
[1] "theta = c(-0.62764369,-4.17292727,-1.39703115,-3.61968557,-0.00501883,-0.04923272,-0.02398222)"
negloglik:  -5552.3506 
[1] "theta = c(-0.62764369,-4.17293145,-1.39702975,-3.61968557,-0.00501883,-0.04923272,-0.02398222)"
negloglik:  -5552.3506 
[1] "theta = c(-0.62764369,-4.17293145,-1.39703115,-3.61968195,-0.00501883,-0.04923272,-0.02398222)"
negloglik:  -5552.3506 
[1] "theta = c(-0.62764369,-4.17293145,-1.39703115,-3.61968557,-0.00501783,-0.04923272,-0.02398222)"
negloglik:  -5552.3506 
[1] "theta = c(-0.62764369,-4.17293145,-1.39703115,-3.61968557,-0.00501883,-0.04923172,-0.02398222)"
negloglik:  -5552.3506 
[1] "theta = c(-0.62764369,-4.17293145,-1.39703115,-3.61968557,-0.00501883,-0.04923272,-0.02398122)"
negloglik:  -5552.3506 
iteration = 14
Step:
[1] -2.738037e-03 -1.386154e-04 -1.041913e-04  1.074444e-03  2.418101e-05
[6] -8.597169e-05  6.042000e-05
Parameter:
[1] -0.62764369 -4.17293145 -1.39703115 -3.61968557 -0.00501883 -0.04923272
[7] -0.02398222
Function Value
[1] -5552.351
Gradient:
[1]  0.65893710 -0.02062187 -0.18213641  1.31795723 -1.15475177  0.05197853
[7]  0.27095302

[1] "theta = c(-0.62934995,-4.17301973,-1.39708618,-3.61939139,-0.00497163,-0.04925974,-0.02398237)"
negloglik:  -5552.3513 
[1] "theta = c(-0.62934895,-4.17301973,-1.39708618,-3.61939139,-0.00497163,-0.04925974,-0.02398237)"
negloglik:  -5552.3513 
[1] "theta = c(-0.62934995,-4.17301556,-1.39708618,-3.61939139,-0.00497163,-0.04925974,-0.02398237)"
negloglik:  -5552.3513 
[1] "theta = c(-0.62934995,-4.17301973,-1.39708478,-3.61939139,-0.00497163,-0.04925974,-0.02398237)"
negloglik:  -5552.3513 
[1] "theta = c(-0.62934995,-4.17301973,-1.39708618,-3.61938777,-0.00497163,-0.04925974,-0.02398237)"
negloglik:  -5552.3513 
[1] "theta = c(-0.62934995,-4.17301973,-1.39708618,-3.61939139,-0.00497063,-0.04925974,-0.02398237)"
negloglik:  -5552.3513 
[1] "theta = c(-0.62934995,-4.17301973,-1.39708618,-3.61939139,-0.00497163,-0.04925874,-0.02398237)"
negloglik:  -5552.3513 
[1] "theta = c(-0.62934995,-4.17301973,-1.39708618,-3.61939139,-0.00497163,-0.04925974,-0.02398137)"
negloglik:  -5552.3513 
iteration = 15
Step:
[1] -1.706259e-03 -8.828533e-05 -5.502511e-05  2.941813e-04  4.719791e-05
[6] -2.701997e-05 -1.522489e-07
Parameter:
[1] -0.629349951 -4.173019732 -1.397086177 -3.619391385 -0.004971632
[6] -0.049259741 -0.023982373
Function Value
[1] -5552.351
Gradient:
[1]  0.5533675 -0.1114986 -0.4035102  1.3268970 -0.3335599 -0.3104387  0.2683264

[1] "theta = c(-0.63305199,-4.17319438,-1.39720222,-3.62014811,-0.00489328,-0.04936837,-0.0239279)"
negloglik:  -5552.3536 
[1] "theta = c(-0.63305099,-4.17319438,-1.39720222,-3.62014811,-0.00489328,-0.04936837,-0.0239279)"
negloglik:  -5552.3536 
[1] "theta = c(-0.63305199,-4.17319021,-1.39720222,-3.62014811,-0.00489328,-0.04936837,-0.0239279)"
negloglik:  -5552.3536 
[1] "theta = c(-0.63305199,-4.17319438,-1.39720082,-3.62014811,-0.00489328,-0.04936837,-0.0239279)"
negloglik:  -5552.3536 
[1] "theta = c(-0.63305199,-4.17319438,-1.39720222,-3.62014448,-0.00489328,-0.04936837,-0.0239279)"
negloglik:  -5552.3536 
[1] "theta = c(-0.63305199,-4.17319438,-1.39720222,-3.62014811,-0.00489228,-0.04936837,-0.0239279)"
negloglik:  -5552.3536 
[1] "theta = c(-0.63305199,-4.17319438,-1.39720222,-3.62014811,-0.00489328,-0.04936737,-0.0239279)"
negloglik:  -5552.3536 
[1] "theta = c(-0.63305199,-4.17319438,-1.39720222,-3.62014811,-0.00489328,-0.04936837,-0.0239269)"
negloglik:  -5552.3536 
iteration = 16
Step:
[1] -3.702043e-03 -1.746498e-04 -1.160423e-04 -7.567196e-04  7.835624e-05
[6] -1.086266e-04  5.447754e-05
Parameter:
[1] -0.633051994 -4.173194382 -1.397202219 -3.620148105 -0.004893276
[6] -0.049368367 -0.023927896
Function Value
[1] -5552.354
Gradient:
[1]  0.3288778 -0.2850799 -0.8489467  1.3115957  0.8757625 -1.9053550  1.1371048

[1] "theta = c(-0.63861827,-4.17339238,-1.39734941,-3.62405062,-0.00474416,-0.04944559,-0.02391468)"
negloglik:  -5552.3588 
[1] "theta = c(-0.63861727,-4.17339238,-1.39734941,-3.62405062,-0.00474416,-0.04944559,-0.02391468)"
negloglik:  -5552.3588 
[1] "theta = c(-0.63861827,-4.17338821,-1.39734941,-3.62405062,-0.00474416,-0.04944559,-0.02391468)"
negloglik:  -5552.3588 
[1] "theta = c(-0.63861827,-4.17339238,-1.39734801,-3.62405062,-0.00474416,-0.04944559,-0.02391468)"
negloglik:  -5552.3588 
[1] "theta = c(-0.63861827,-4.17339238,-1.39734941,-3.624047,-0.00474416,-0.04944559,-0.02391468)"
negloglik:  -5552.3587 
[1] "theta = c(-0.63861827,-4.17339238,-1.39734941,-3.62405062,-0.00474316,-0.04944559,-0.02391468)"
negloglik:  -5552.3587 
[1] "theta = c(-0.63861827,-4.17339238,-1.39734941,-3.62405062,-0.00474416,-0.04944459,-0.02391468)"
negloglik:  -5552.3588 
[1] "theta = c(-0.63861827,-4.17339238,-1.39734941,-3.62405062,-0.00474416,-0.04944559,-0.02391368)"
negloglik:  -5552.3587 
iteration = 17
Step:
[1] -5.566278e-03 -1.979980e-04 -1.471874e-04 -3.902519e-03  1.491149e-04
[6] -7.722254e-05  1.321237e-05
Parameter:
[1] -0.638618271 -4.173392380 -1.397349407 -3.624050624 -0.004744161
[6] -0.049445590 -0.023914683
Function Value
[1] -5552.359
Gradient:
[1] -0.007496055 -0.533529430 -1.394903229  1.220290945  3.064179509
[6] -3.070504135  1.293776222

[1] "theta = c(-0.64493205,-4.17348216,-1.39747843,-3.63536434,-0.00459753,-0.04954674,-0.02384993)"
negloglik:  -5552.3685 
[1] "theta = c(-0.64493105,-4.17348216,-1.39747843,-3.63536434,-0.00459753,-0.04954674,-0.02384993)"
negloglik:  -5552.3685 
[1] "theta = c(-0.64493205,-4.17347799,-1.39747843,-3.63536434,-0.00459753,-0.04954674,-0.02384993)"
negloglik:  -5552.3685 
[1] "theta = c(-0.64493205,-4.17348216,-1.39747703,-3.63536434,-0.00459753,-0.04954674,-0.02384993)"
negloglik:  -5552.3685 
[1] "theta = c(-0.64493205,-4.17348216,-1.39747843,-3.6353607,-0.00459753,-0.04954674,-0.02384993)"
negloglik:  -5552.3685 
[1] "theta = c(-0.64493205,-4.17348216,-1.39747843,-3.63536434,-0.00459653,-0.04954674,-0.02384993)"
negloglik:  -5552.3685 
[1] "theta = c(-0.64493205,-4.17348216,-1.39747843,-3.63536434,-0.00459753,-0.04954574,-0.02384993)"
negloglik:  -5552.3685 
[1] "theta = c(-0.64493205,-4.17348216,-1.39747843,-3.63536434,-0.00459753,-0.04954674,-0.02384893)"
negloglik:  -5552.3685 
iteration = 18
Step:
[1] -6.313780e-03 -8.978156e-05 -1.290187e-04 -1.131372e-02  1.466294e-04
[6] -1.011453e-04  6.475266e-05
Parameter:
[1] -0.644932051 -4.173482162 -1.397478425 -3.635364339 -0.004597532
[6] -0.049546735 -0.023849931
Function Value
[1] -5552.369
Gradient:
[1] -0.3678024 -0.7100481 -1.8205300  0.9541615  4.7219910 -4.7750864  2.2102786

[1] "theta = c(-0.64896142,-4.17326466,-1.39746878,-3.65576927,-0.00449839,-0.04947333,-0.02387516)"
negloglik:  -5552.3811 
[1] "theta = c(-0.64896042,-4.17326466,-1.39746878,-3.65576927,-0.00449839,-0.04947333,-0.02387516)"
negloglik:  -5552.3811 
[1] "theta = c(-0.64896142,-4.17326049,-1.39746878,-3.65576927,-0.00449839,-0.04947333,-0.02387516)"
negloglik:  -5552.3811 
[1] "theta = c(-0.64896142,-4.17326466,-1.39746738,-3.65576927,-0.00449839,-0.04947333,-0.02387516)"
negloglik:  -5552.3811 
[1] "theta = c(-0.64896142,-4.17326466,-1.39746878,-3.65576562,-0.00449839,-0.04947333,-0.02387516)"
negloglik:  -5552.3811 
[1] "theta = c(-0.64896142,-4.17326466,-1.39746878,-3.65576927,-0.00449739,-0.04947333,-0.02387516)"
negloglik:  -5552.3811 
[1] "theta = c(-0.64896142,-4.17326466,-1.39746878,-3.65576927,-0.00449839,-0.04947233,-0.02387516)"
negloglik:  -5552.3811 
[1] "theta = c(-0.64896142,-4.17326466,-1.39746878,-3.65576927,-0.00449839,-0.04947333,-0.02387416)"
negloglik:  -5552.3811 
iteration = 19
Step:
[1] -4.029368e-03  2.174987e-04  9.645871e-06 -2.040493e-02  9.913732e-05
[6]  7.340034e-05 -2.522844e-05
Parameter:
[1] -0.648961419 -4.173264663 -1.397468779 -3.655769273 -0.004498395
[6] -0.049473335 -0.023875159
Function Value
[1] -5552.381
Gradient:
[1] -0.6153077 -0.6581864 -1.6384078  0.4678491  5.2126079 -4.2108586  1.4902380

[1] "theta = c(-0.64538288,-4.17279821,-1.39726531,-3.67189589,-0.00459872,-0.04932965,-0.02388354)"
negloglik:  -5552.3887 
[1] "theta = c(-0.64538188,-4.17279821,-1.39726531,-3.67189589,-0.00459872,-0.04932965,-0.02388354)"
negloglik:  -5552.3887 
[1] "theta = c(-0.64538288,-4.17279403,-1.39726531,-3.67189589,-0.00459872,-0.04932965,-0.02388354)"
negloglik:  -5552.3887 
[1] "theta = c(-0.64538288,-4.17279821,-1.39726391,-3.67189589,-0.00459872,-0.04932965,-0.02388354)"
negloglik:  -5552.3887 
[1] "theta = c(-0.64538288,-4.17279821,-1.39726531,-3.67189222,-0.00459872,-0.04932965,-0.02388354)"
negloglik:  -5552.3887 
[1] "theta = c(-0.64538288,-4.17279821,-1.39726531,-3.67189589,-0.00459772,-0.04932965,-0.02388354)"
negloglik:  -5552.3887 
[1] "theta = c(-0.64538288,-4.17279821,-1.39726531,-3.67189589,-0.00459872,-0.04932865,-0.02388354)"
negloglik:  -5552.3887 
[1] "theta = c(-0.64538288,-4.17279821,-1.39726531,-3.67189589,-0.00459872,-0.04932965,-0.02388254)"
negloglik:  -5552.3887 
iteration = 20
Step:
[1]  3.578537e-03  4.664572e-04  2.034722e-04 -1.612662e-02 -1.003226e-04
[6]  1.436843e-04 -8.377633e-06
Parameter:
[1] -0.645382883 -4.172798206 -1.397265307 -3.671895892 -0.004598717
[6] -0.049329651 -0.023883537
Function Value
[1] -5552.389
Gradient:
[1] -0.39626957 -0.32734609 -0.79132430  0.08463098  2.74870763 -2.53633425
[7]  1.14835439

[1] "theta = c(-0.64043431,-4.17247619,-1.39708674,-3.67664358,-0.00471656,-0.04916722,-0.02395061)"
negloglik:  -5552.3907 
[1] "theta = c(-0.64043331,-4.17247619,-1.39708674,-3.67664358,-0.00471656,-0.04916722,-0.02395061)"
negloglik:  -5552.3907 
[1] "theta = c(-0.64043431,-4.17247202,-1.39708674,-3.67664358,-0.00471656,-0.04916722,-0.02395061)"
negloglik:  -5552.3907 
[1] "theta = c(-0.64043431,-4.17247619,-1.39708534,-3.67664358,-0.00471656,-0.04916722,-0.02395061)"
negloglik:  -5552.3907 
[1] "theta = c(-0.64043431,-4.17247619,-1.39708674,-3.6766399,-0.00471656,-0.04916722,-0.02395061)"
negloglik:  -5552.3907 
[1] "theta = c(-0.64043431,-4.17247619,-1.39708674,-3.67664358,-0.00471556,-0.04916722,-0.02395061)"
negloglik:  -5552.3907 
[1] "theta = c(-0.64043431,-4.17247619,-1.39708674,-3.67664358,-0.00471656,-0.04916622,-0.02395061)"
negloglik:  -5552.3907 
[1] "theta = c(-0.64043431,-4.17247619,-1.39708674,-3.67664358,-0.00471656,-0.04916722,-0.02394961)"
negloglik:  -5552.3907 
iteration = 21
Step:
[1]  4.948569e-03  3.220161e-04  1.785693e-04 -4.747684e-03 -1.178391e-04
[6]  1.624310e-04 -6.706958e-05
Parameter:
[1] -0.640434314 -4.172476190 -1.397086738 -3.676643575 -0.004716556
[6] -0.049167220 -0.023950606
Function Value
[1] -5552.391
Gradient:
[1] -0.090678441 -0.062388314 -0.131867242 -0.031538308  0.544612703
[6] -0.294252459  0.007619747

[1] "theta = c(-0.63905711,-4.17242801,-1.39705139,-3.67568231,-0.00475297,-0.04915279,-0.02394817)"
negloglik:  -5552.3908 
[1] "theta = c(-0.63905611,-4.17242801,-1.39705139,-3.67568231,-0.00475297,-0.04915279,-0.02394817)"
negloglik:  -5552.3908 
[1] "theta = c(-0.63905711,-4.17242384,-1.39705139,-3.67568231,-0.00475297,-0.04915279,-0.02394817)"
negloglik:  -5552.3908 
[1] "theta = c(-0.63905711,-4.17242801,-1.39705,-3.67568231,-0.00475297,-0.04915279,-0.02394817)"
negloglik:  -5552.3908 
[1] "theta = c(-0.63905711,-4.17242801,-1.39705139,-3.67567864,-0.00475297,-0.04915279,-0.02394817)"
negloglik:  -5552.3908 
[1] "theta = c(-0.63905711,-4.17242801,-1.39705139,-3.67568231,-0.00475197,-0.04915279,-0.02394817)"
negloglik:  -5552.3908 
[1] "theta = c(-0.63905711,-4.17242801,-1.39705139,-3.67568231,-0.00475297,-0.04915179,-0.02394817)"
negloglik:  -5552.3908 
[1] "theta = c(-0.63905711,-4.17242801,-1.39705139,-3.67568231,-0.00475297,-0.04915279,-0.02394717)"
negloglik:  -5552.3908 
iteration = 22
Step:
[1]  1.377208e-03  4.817760e-05  3.534299e-05  9.612647e-04 -3.641749e-05
[6]  1.443213e-05  2.433094e-06
Parameter:
[1] -0.639057106 -4.172428012 -1.397051395 -3.675682311 -0.004752974
[6] -0.049152787 -0.023948173
Function Value
[1] -5552.391
Gradient:
[1] -0.004855792 -0.003572866  0.001792882 -0.008871556 -0.029906914
[6] -0.069724592  0.079972779

[1] "theta = c(-0.63897695,-4.1724282,-1.39705057,-3.6753316,-0.00475163,-0.04914654,-0.02395528)"
negloglik:  -5552.3908 
[1] "theta = c(-0.63897595,-4.1724282,-1.39705057,-3.6753316,-0.00475163,-0.04914654,-0.02395528)"
negloglik:  -5552.3908 
[1] "theta = c(-0.63897695,-4.17242403,-1.39705057,-3.6753316,-0.00475163,-0.04914654,-0.02395528)"
negloglik:  -5552.3908 
[1] "theta = c(-0.63897695,-4.1724282,-1.39704917,-3.6753316,-0.00475163,-0.04914654,-0.02395528)"
negloglik:  -5552.3908 
[1] "theta = c(-0.63897695,-4.1724282,-1.39705057,-3.67532793,-0.00475163,-0.04914654,-0.02395528)"
negloglik:  -5552.3908 
[1] "theta = c(-0.63897695,-4.1724282,-1.39705057,-3.6753316,-0.00475063,-0.04914654,-0.02395528)"
negloglik:  -5552.3908 
[1] "theta = c(-0.63897695,-4.1724282,-1.39705057,-3.6753316,-0.00475163,-0.04914554,-0.02395528)"
negloglik:  -5552.3908 
[1] "theta = c(-0.63897695,-4.1724282,-1.39705057,-3.6753316,-0.00475163,-0.04914654,-0.02395428)"
negloglik:  -5552.3908 
iteration = 23
Step:
[1]  8.015951e-05 -1.921243e-07  8.283825e-07  3.507090e-04  1.339428e-06
[6]  6.243148e-06 -7.102873e-06
Parameter:
[1] -0.638976946 -4.172428204 -1.397050567 -3.675331602 -0.004751634
[6] -0.049146544 -0.023955276
Function Value
[1] -5552.391
Gradient:
[1] -7.280505e-03 -8.028105e-04 -5.282300e-03  4.775963e-05  1.745957e-02
[6]  2.961588e-02 -4.400863e-02

[1] "theta = c(-0.63884377,-4.17242594,-1.39704778,-3.67524503,-0.00475266,-0.04914783,-0.02395359)"
negloglik:  -5552.3908 
[1] "theta = c(-0.63884277,-4.17242594,-1.39704778,-3.67524503,-0.00475266,-0.04914783,-0.02395359)"
negloglik:  -5552.3908 
[1] "theta = c(-0.63884377,-4.17242177,-1.39704778,-3.67524503,-0.00475266,-0.04914783,-0.02395359)"
negloglik:  -5552.3908 
[1] "theta = c(-0.63884377,-4.17242594,-1.39704638,-3.67524503,-0.00475266,-0.04914783,-0.02395359)"
negloglik:  -5552.3908 
[1] "theta = c(-0.63884377,-4.17242594,-1.39704778,-3.67524135,-0.00475266,-0.04914783,-0.02395359)"
negloglik:  -5552.3908 
[1] "theta = c(-0.63884377,-4.17242594,-1.39704778,-3.67524503,-0.00475166,-0.04914783,-0.02395359)"
negloglik:  -5552.3908 
[1] "theta = c(-0.63884377,-4.17242594,-1.39704778,-3.67524503,-0.00475266,-0.04914683,-0.02395359)"
negloglik:  -5552.3908 
[1] "theta = c(-0.63884377,-4.17242594,-1.39704778,-3.67524503,-0.00475266,-0.04914783,-0.02395259)"
negloglik:  -5552.3908 
iteration = 24
Step:
[1]  1.331777e-04  2.259765e-06  2.791287e-06  8.657400e-05 -1.029366e-06
[6] -1.286910e-06  1.685500e-06
Parameter:
[1] -0.638843768 -4.172425944 -1.397047775 -3.675245028 -0.004752664
[6] -0.049147831 -0.023953591
Function Value
[1] -5552.391
Gradient:
[1] -0.0028639988 -0.0004488155 -0.0008358993 -0.0012737026 -0.0028849172
[6] -0.0002328306 -0.0212094164

[1] "theta = c(-0.63868361,-4.17242347,-1.39704465,-3.67505368,-0.00475306,-0.04914802,-0.02395164)"
negloglik:  -5552.3908 
[1] "theta = c(-0.6388105,-4.17242543,-1.39704713,-3.67520527,-0.00475275,-0.04914787,-0.02395318)"
negloglik:  -5552.3908 
[1] "theta = c(-0.63882877,-4.17242571,-1.39704748,-3.67522711,-0.0047527,-0.04914785,-0.02395341)"
negloglik:  -5552.3908 
[1] "theta = c(-0.63882777,-4.17242571,-1.39704748,-3.67522711,-0.0047527,-0.04914785,-0.02395341)"
negloglik:  -5552.3908 
[1] "theta = c(-0.63882877,-4.17242154,-1.39704748,-3.67522711,-0.0047527,-0.04914785,-0.02395341)"
negloglik:  -5552.3908 
[1] "theta = c(-0.63882877,-4.17242571,-1.39704609,-3.67522711,-0.0047527,-0.04914785,-0.02395341)"
negloglik:  -5552.3908 
[1] "theta = c(-0.63882877,-4.17242571,-1.39704748,-3.67522344,-0.0047527,-0.04914785,-0.02395341)"
negloglik:  -5552.3908 
[1] "theta = c(-0.63882877,-4.17242571,-1.39704748,-3.67522711,-0.0047517,-0.04914785,-0.02395341)"
negloglik:  -5552.3908 
[1] "theta = c(-0.63882877,-4.17242571,-1.39704748,-3.67522711,-0.0047527,-0.04914685,-0.02395341)"
negloglik:  -5552.3908 
[1] "theta = c(-0.63882877,-4.17242571,-1.39704748,-3.67522711,-0.0047527,-0.04914785,-0.02395241)"
negloglik:  -5552.3908 
iteration = 25
Step:
[1]  1.499411e-05  2.318158e-07  2.927137e-07  1.791421e-05 -3.704374e-08
[6] -1.783367e-08  1.828545e-07
Parameter:
[1] -0.638828774 -4.172425713 -1.397047483 -3.675227114 -0.004752701
[6] -0.049147849 -0.023953408
Function Value
[1] -5552.391
Gradient:
[1] -0.0006702976  0.0008073885  0.0011535933 -0.0002536529  0.0008549250
[6]  0.0035870471 -0.0224463292

[1] "theta = c(-0.63882408,-4.17242599,-1.39704754,-3.67521417,-0.00475288,-0.04914844,-0.02395193)"
negloglik:  -5552.3908 
[1] "theta = c(-0.63882308,-4.17242599,-1.39704754,-3.67521417,-0.00475288,-0.04914844,-0.02395193)"
negloglik:  -5552.3908 
[1] "theta = c(-0.63882408,-4.17242182,-1.39704754,-3.67521417,-0.00475288,-0.04914844,-0.02395193)"
negloglik:  -5552.3908 
[1] "theta = c(-0.63882408,-4.17242599,-1.39704614,-3.67521417,-0.00475288,-0.04914844,-0.02395193)"
negloglik:  -5552.3908 
[1] "theta = c(-0.63882408,-4.17242599,-1.39704754,-3.67521049,-0.00475288,-0.04914844,-0.02395193)"
negloglik:  -5552.3908 
[1] "theta = c(-0.63882408,-4.17242599,-1.39704754,-3.67521417,-0.00475188,-0.04914844,-0.02395193)"
negloglik:  -5552.3908 
[1] "theta = c(-0.63882408,-4.17242599,-1.39704754,-3.67521417,-0.00475288,-0.04914744,-0.02395193)"
negloglik:  -5552.3908 
[1] "theta = c(-0.63882408,-4.17242599,-1.39704754,-3.67521417,-0.00475288,-0.04914844,-0.02395093)"
negloglik:  -5552.3908 
iteration = 26
Step:
[1]  4.697395e-06 -2.757920e-07 -5.803972e-08  1.294778e-05 -1.828440e-07
[6] -5.934762e-07  1.479175e-06
Parameter:
[1] -0.638824077 -4.172425988 -1.397047541 -3.675214166 -0.004752884
[6] -0.049148442 -0.023951929
Function Value
[1] -5552.391
Gradient:
[1] -3.372406e-03 -8.156716e-04  1.831297e-03 -4.701875e-06  2.888555e-03
[6]  5.860784e-03  9.894393e-03

[1] "theta = c(-0.63878195,-4.17242643,-1.39704747,-3.67518556,-0.00475359,-0.04915036,-0.02394831)"
negloglik:  -5552.3908 
[1] "theta = c(-0.63881802,-4.17242605,-1.39704753,-3.67521005,-0.00475298,-0.04914872,-0.02395141)"
negloglik:  -5552.3908 
[1] "theta = c(-0.63882257,-4.172426,-1.39704754,-3.67521314,-0.00475291,-0.04914851,-0.0239518)"
negloglik:  -5552.3908 
[1] "theta = c(-0.63882157,-4.172426,-1.39704754,-3.67521314,-0.00475291,-0.04914851,-0.0239518)"
negloglik:  -5552.3908 
[1] "theta = c(-0.63882257,-4.17242183,-1.39704754,-3.67521314,-0.00475291,-0.04914851,-0.0239518)"
negloglik:  -5552.3908 
[1] "theta = c(-0.63882257,-4.172426,-1.39704614,-3.67521314,-0.00475291,-0.04914851,-0.0239518)"
negloglik:  -5552.3908 
[1] "theta = c(-0.63882257,-4.172426,-1.39704754,-3.67520947,-0.00475291,-0.04914851,-0.0239518)"
negloglik:  -5552.3908 
[1] "theta = c(-0.63882257,-4.172426,-1.39704754,-3.67521314,-0.00475191,-0.04914851,-0.0239518)"
negloglik:  -5552.3908 
[1] "theta = c(-0.63882257,-4.172426,-1.39704754,-3.67521314,-0.00475291,-0.04914751,-0.0239518)"
negloglik:  -5552.3908 
[1] "theta = c(-0.63882257,-4.172426,-1.39704754,-3.67521314,-0.00475291,-0.04914851,-0.0239508)"
negloglik:  -5552.3908 
iteration = 27
Step:
[1]  1.505447e-06 -1.586017e-08  2.693467e-09  1.022203e-06 -2.508024e-08
[6] -6.853129e-08  1.291513e-07
Parameter:
[1] -0.638822571 -4.172426004 -1.397047538 -3.675213144 -0.004752909
[6] -0.049148511 -0.023951799
Function Value
[1] -5552.391
Gradient:
[1]  0.0091476977 -0.0007426491  0.0046189301  0.0016412025  0.0067902874
[6]  0.0111449481  0.0190775609

[1] "theta = c(-0.63882276,-4.17242591,-1.39704772,-3.67521906,-0.004753,-0.04914871,-0.02395213)"
negloglik:  -5552.3908 
[1] "theta = c(-0.63882264,-4.17242597,-1.3970476,-3.67521523,-0.00475294,-0.04914858,-0.02395192)"
negloglik:  -5552.3908 
[1] "theta = c(-0.63872257,-4.172426,-1.39704754,-3.67521314,-0.00475291,-0.04914851,-0.0239518)"
negloglik:  -5552.3908 
[1] "theta = c(-0.63892257,-4.172426,-1.39704754,-3.67521314,-0.00475291,-0.04914851,-0.0239518)"
negloglik:  -5552.3908 
[1] "theta = c(-0.63882257,-4.17200876,-1.39704754,-3.67521314,-0.00475291,-0.04914851,-0.0239518)"
negloglik:  -5552.3906 
[1] "theta = c(-0.63882257,-4.17284325,-1.39704754,-3.67521314,-0.00475291,-0.04914851,-0.0239518)"
negloglik:  -5552.3906 
[1] "theta = c(-0.63882257,-4.172426,-1.39690783,-3.67521314,-0.00475291,-0.04914851,-0.0239518)"
negloglik:  -5552.3907 
[1] "theta = c(-0.63882257,-4.172426,-1.39718724,-3.67521314,-0.00475291,-0.04914851,-0.0239518)"
negloglik:  -5552.3906 
[1] "theta = c(-0.63882257,-4.172426,-1.39704754,-3.67484562,-0.00475291,-0.04914851,-0.0239518)"
negloglik:  -5552.3908 
[1] "theta = c(-0.63882257,-4.172426,-1.39704754,-3.67558066,-0.00475291,-0.04914851,-0.0239518)"
negloglik:  -5552.3908 
[1] "theta = c(-0.63882257,-4.172426,-1.39704754,-3.67521314,-0.00465291,-0.04914851,-0.0239518)"
negloglik:  -5552.3907 
[1] "theta = c(-0.63882257,-4.172426,-1.39704754,-3.67521314,-0.00485291,-0.04914851,-0.0239518)"
negloglik:  -5552.3907 
[1] "theta = c(-0.63882257,-4.172426,-1.39704754,-3.67521314,-0.00475291,-0.04904851,-0.0239518)"
negloglik:  -5552.3907 
[1] "theta = c(-0.63882257,-4.172426,-1.39704754,-3.67521314,-0.00475291,-0.04924851,-0.0239518)"
negloglik:  -5552.3907 
[1] "theta = c(-0.63882257,-4.172426,-1.39704754,-3.67521314,-0.00475291,-0.04914851,-0.0238518)"
negloglik:  -5552.3907 
[1] "theta = c(-0.63882257,-4.172426,-1.39704754,-3.67521314,-0.00475291,-0.04914851,-0.0240518)"
negloglik:  -5552.3907 
[1] "theta = c(-0.63882156,-4.17242293,-1.39704643,-3.67523056,-0.00475155,-0.04914751,-0.02395199)"
negloglik:  -5552.3908 
[1] "theta = c(-0.63872156,-4.17242293,-1.39704643,-3.67523056,-0.00475155,-0.04914751,-0.02395199)"
negloglik:  -5552.3908 
[1] "theta = c(-0.63892156,-4.17242293,-1.39704643,-3.67523056,-0.00475155,-0.04914751,-0.02395199)"
negloglik:  -5552.3908 
[1] "theta = c(-0.63882156,-4.17200569,-1.39704643,-3.67523056,-0.00475155,-0.04914751,-0.02395199)"
negloglik:  -5552.3906 
[1] "theta = c(-0.63882156,-4.17284018,-1.39704643,-3.67523056,-0.00475155,-0.04914751,-0.02395199)"
negloglik:  -5552.3906 
[1] "theta = c(-0.63882156,-4.17242293,-1.39690673,-3.67523056,-0.00475155,-0.04914751,-0.02395199)"
negloglik:  -5552.3907 
[1] "theta = c(-0.63882156,-4.17242293,-1.39718613,-3.67523056,-0.00475155,-0.04914751,-0.02395199)"
negloglik:  -5552.3907 
[1] "theta = c(-0.63882156,-4.17242293,-1.39704643,-3.67486304,-0.00475155,-0.04914751,-0.02395199)"
negloglik:  -5552.3908 
[1] "theta = c(-0.63882156,-4.17242293,-1.39704643,-3.67559809,-0.00475155,-0.04914751,-0.02395199)"
negloglik:  -5552.3908 
[1] "theta = c(-0.63882156,-4.17242293,-1.39704643,-3.67523056,-0.00465155,-0.04914751,-0.02395199)"
negloglik:  -5552.3907 
[1] "theta = c(-0.63882156,-4.17242293,-1.39704643,-3.67523056,-0.00485155,-0.04914751,-0.02395199)"
negloglik:  -5552.3907 
[1] "theta = c(-0.63882156,-4.17242293,-1.39704643,-3.67523056,-0.00475155,-0.04904751,-0.02395199)"
negloglik:  -5552.3907 
[1] "theta = c(-0.63882156,-4.17242293,-1.39704643,-3.67523056,-0.00475155,-0.04924751,-0.02395199)"
negloglik:  -5552.3907 
[1] "theta = c(-0.63882156,-4.17242293,-1.39704643,-3.67523056,-0.00475155,-0.04914751,-0.02385199)"
negloglik:  -5552.3907 
[1] "theta = c(-0.63882156,-4.17242293,-1.39704643,-3.67523056,-0.00475155,-0.04914751,-0.02405199)"
negloglik:  -5552.3907 
iteration = 28
Parameter:
[1] -0.638821555 -4.172422933 -1.397046430 -3.675230563 -0.004751549
[6] -0.049147513 -0.023951992
Function Value
[1] -5552.391
Gradient:
[1]  0.0009068481 -0.0006374711  0.0005474494  0.0001791963  0.0034910045
[6]  0.0054231759  0.0012085411

Relative gradient close to zero.
Current iterate is probably solution.

[1] "theta = c(-0.63872156,-4.17242293,-1.39704643,-3.67523056,-0.00475155,-0.04914751,-0.02395199)"
negloglik:  -5552.3908 
[1] "theta = c(-0.63882156,-4.17232293,-1.39704643,-3.67523056,-0.00475155,-0.04914751,-0.02395199)"
negloglik:  -5552.3908 
[1] "theta = c(-0.63882156,-4.17242293,-1.39694643,-3.67523056,-0.00475155,-0.04914751,-0.02395199)"
negloglik:  -5552.3907 
[1] "theta = c(-0.63882156,-4.17242293,-1.39704643,-3.67513056,-0.00475155,-0.04914751,-0.02395199)"
negloglik:  -5552.3908 
[1] "theta = c(-0.63882156,-4.17242293,-1.39704643,-3.67523056,-0.00465155,-0.04914751,-0.02395199)"
negloglik:  -5552.3907 
[1] "theta = c(-0.63882156,-4.17242293,-1.39704643,-3.67523056,-0.00475155,-0.04904751,-0.02395199)"
negloglik:  -5552.3907 
[1] "theta = c(-0.63882156,-4.17242293,-1.39704643,-3.67523056,-0.00475155,-0.04914751,-0.02385199)"
negloglik:  -5552.3907 
[1] "theta = c(-0.63862156,-4.17242293,-1.39704643,-3.67523056,-0.00475155,-0.04914751,-0.02395199)"
negloglik:  -5552.3908 
[1] "theta = c(-0.63872156,-4.17232293,-1.39704643,-3.67523056,-0.00475155,-0.04914751,-0.02395199)"
negloglik:  -5552.3908 
[1] "theta = c(-0.63872156,-4.17242293,-1.39694643,-3.67523056,-0.00475155,-0.04914751,-0.02395199)"
negloglik:  -5552.3907 
[1] "theta = c(-0.63872156,-4.17242293,-1.39704643,-3.67513056,-0.00475155,-0.04914751,-0.02395199)"
negloglik:  -5552.3908 
[1] "theta = c(-0.63872156,-4.17242293,-1.39704643,-3.67523056,-0.00465155,-0.04914751,-0.02395199)"
negloglik:  -5552.3907 
[1] "theta = c(-0.63872156,-4.17242293,-1.39704643,-3.67523056,-0.00475155,-0.04904751,-0.02395199)"
negloglik:  -5552.3907 
[1] "theta = c(-0.63872156,-4.17242293,-1.39704643,-3.67523056,-0.00475155,-0.04914751,-0.02385199)"
negloglik:  -5552.3907 
[1] "theta = c(-0.63882156,-4.17222293,-1.39704643,-3.67523056,-0.00475155,-0.04914751,-0.02395199)"
negloglik:  -5552.3907 
[1] "theta = c(-0.63882156,-4.17232293,-1.39694643,-3.67523056,-0.00475155,-0.04914751,-0.02395199)"
negloglik:  -5552.3907 
[1] "theta = c(-0.63882156,-4.17232293,-1.39704643,-3.67513056,-0.00475155,-0.04914751,-0.02395199)"
negloglik:  -5552.3908 
[1] "theta = c(-0.63882156,-4.17232293,-1.39704643,-3.67523056,-0.00465155,-0.04914751,-0.02395199)"
negloglik:  -5552.3907 
[1] "theta = c(-0.63882156,-4.17232293,-1.39704643,-3.67523056,-0.00475155,-0.04904751,-0.02395199)"
negloglik:  -5552.3907 
[1] "theta = c(-0.63882156,-4.17232293,-1.39704643,-3.67523056,-0.00475155,-0.04914751,-0.02385199)"
negloglik:  -5552.3907 
[1] "theta = c(-0.63882156,-4.17242293,-1.39684643,-3.67523056,-0.00475155,-0.04914751,-0.02395199)"
negloglik:  -5552.3905 
[1] "theta = c(-0.63882156,-4.17242293,-1.39694643,-3.67513056,-0.00475155,-0.04914751,-0.02395199)"
negloglik:  -5552.3907 
[1] "theta = c(-0.63882156,-4.17242293,-1.39694643,-3.67523056,-0.00465155,-0.04914751,-0.02395199)"
negloglik:  -5552.3906 
[1] "theta = c(-0.63882156,-4.17242293,-1.39694643,-3.67523056,-0.00475155,-0.04904751,-0.02395199)"
negloglik:  -5552.3906 
[1] "theta = c(-0.63882156,-4.17242293,-1.39694643,-3.67523056,-0.00475155,-0.04914751,-0.02385199)"
negloglik:  -5552.3906 
[1] "theta = c(-0.63882156,-4.17242293,-1.39704643,-3.67503056,-0.00475155,-0.04914751,-0.02395199)"
negloglik:  -5552.3908 
[1] "theta = c(-0.63882156,-4.17242293,-1.39704643,-3.67513056,-0.00465155,-0.04914751,-0.02395199)"
negloglik:  -5552.3907 
[1] "theta = c(-0.63882156,-4.17242293,-1.39704643,-3.67513056,-0.00475155,-0.04904751,-0.02395199)"
negloglik:  -5552.3907 
[1] "theta = c(-0.63882156,-4.17242293,-1.39704643,-3.67513056,-0.00475155,-0.04914751,-0.02385199)"
negloglik:  -5552.3907 
[1] "theta = c(-0.63882156,-4.17242293,-1.39704643,-3.67523056,-0.00455155,-0.04914751,-0.02395199)"
negloglik:  -5552.3904 
[1] "theta = c(-0.63882156,-4.17242293,-1.39704643,-3.67523056,-0.00465155,-0.04904751,-0.02395199)"
negloglik:  -5552.3906 
[1] "theta = c(-0.63882156,-4.17242293,-1.39704643,-3.67523056,-0.00465155,-0.04914751,-0.02385199)"
negloglik:  -5552.3906 
[1] "theta = c(-0.63882156,-4.17242293,-1.39704643,-3.67523056,-0.00475155,-0.04894751,-0.02395199)"
negloglik:  -5552.3904 
[1] "theta = c(-0.63882156,-4.17242293,-1.39704643,-3.67523056,-0.00475155,-0.04904751,-0.02385199)"
negloglik:  -5552.3906 
[1] "theta = c(-0.63882156,-4.17242293,-1.39704643,-3.67523056,-0.00475155,-0.04914751,-0.02375199)"
negloglik:  -5552.3904 
$convergence_code
[1] 1

$iterations
[1] 28

$loglikelihood_value
[1] 5552.391

$theta
[1] -0.638821555 -4.172422933 -1.397046430 -3.675230563 -0.004751549
[6] -0.049147513 -0.023951992

$gradient
[1]  0.0009068481 -0.0006374711  0.0005474494  0.0001791963  0.0034910045
[6]  0.0054231759  0.0012085411

$est_beta
[1] 0.345513

$est_beta_sd
[1] 0.02869016

$est_scale_horizontal
[1] 0.01541487

$est_scale_horizontal_sd
[1] 0.000319702

$est_scale_vertical
[1] 0.2473264

$est_scale_vertical_sd
[1] 0.002278997

$est_a1
[1] 2.534356e-05

$est_a1_sd
[1] 5.322313e-06

$est_b1
[1] -4.751549e-06

$est_b1_sd
[1] 7.675304e-06

$est_c1_coef
[1] -6.0423734 -5.8585368 -0.7910191  2.9407869 -0.7534488 -1.3051477

$est_d1
[1] 0

$est_a2
[1] -4.914751e-05

$est_a2_sd
[1] 7.688381e-06

$est_b2
[1] -2.395199e-05

$est_b2_sd
[1] 7.245105e-06

$est_c2_coef
[1] -2.1237812 -1.7196022  2.9021517 -0.3172772 -3.0745846 -2.5363932

$est_d2
[1] 0

$splines_degree
[1] 2

$knots1
[1] 0.1 0.5 0.9

$knots2
[1] 0.1 0.5 0.9

